2023-02-28 08:46:54.665 [SpringContextShutdownHook] INFO  o.s.scheduling.concurrent.ThreadPoolTaskExecutor - Shutting down ExecutorService 'applicationTaskExecutor'
2023-02-28 08:47:09.865 [main] INFO  com.kingstar.login.Application - Starting Application on KS-SHA-LP190037 with PID 6196 (D:\project\loginVerification\target\classes started by junqi.pi in D:\project\loginVerification)
2023-02-28 08:47:09.874 [main] INFO  com.kingstar.login.Application - The following profiles are active: dev
2023-02-28 08:47:12.803 [main] INFO  o.s.boot.web.embedded.tomcat.TomcatWebServer - Tomcat initialized with port(s): 22499 (http)
2023-02-28 08:47:12.836 [main] INFO  org.apache.coyote.http11.Http11NioProtocol - Initializing ProtocolHandler ["http-nio-22499"]
2023-02-28 08:47:12.839 [main] INFO  org.apache.catalina.core.StandardService - Starting service [Tomcat]
2023-02-28 08:47:12.840 [main] INFO  org.apache.catalina.core.StandardEngine - Starting Servlet engine: [Apache Tomcat/9.0.39]
2023-02-28 08:47:12.844 [main] INFO  org.apache.catalina.core.AprLifecycleListener - Loaded Apache Tomcat Native library [1.2.25] using APR version [1.7.0].
2023-02-28 08:47:12.845 [main] INFO  org.apache.catalina.core.AprLifecycleListener - APR capabilities: IPv6 [true], sendfile [true], accept filters [false], random [true].
2023-02-28 08:47:12.846 [main] INFO  org.apache.catalina.core.AprLifecycleListener - APR/OpenSSL configuration: useAprConnector [false], useOpenSSL [true]
2023-02-28 08:47:12.923 [main] INFO  org.apache.catalina.core.AprLifecycleListener - OpenSSL successfully initialized [OpenSSL 1.1.1g  21 Apr 2020]
2023-02-28 08:47:13.253 [main] INFO  o.a.c.core.ContainerBase.[Tomcat].[localhost].[/] - Initializing Spring embedded WebApplicationContext
2023-02-28 08:47:13.253 [main] INFO  o.s.b.w.s.c.ServletWebServerApplicationContext - Root WebApplicationContext: initialization completed in 3216 ms
2023-02-28 08:47:13.707 [main] INFO  o.s.scheduling.concurrent.ThreadPoolTaskExecutor - Initializing ExecutorService 'applicationTaskExecutor'
2023-02-28 08:47:17.102 [main] INFO  org.apache.coyote.http11.Http11NioProtocol - Starting ProtocolHandler ["http-nio-22499"]
2023-02-28 08:47:17.223 [main] INFO  o.s.boot.web.embedded.tomcat.TomcatWebServer - Tomcat started on port(s): 22499 (http) with context path ''
2023-02-28 08:47:17.268 [main] INFO  com.kingstar.login.Application - Started Application in 9.365 seconds (JVM running for 14.044)
2023-02-28 08:47:17.275 [main] INFO  com.kingstar.login.Application - ==================模板已启动================
2023-02-28 08:47:22.241 [http-nio-22499-exec-2] INFO  o.a.c.core.ContainerBase.[Tomcat].[localhost].[/] - Initializing Spring DispatcherServlet 'dispatcherServlet'
2023-02-28 08:47:22.242 [http-nio-22499-exec-2] INFO  org.springframework.web.servlet.DispatcherServlet - Initializing Servlet 'dispatcherServlet'
2023-02-28 08:47:22.263 [http-nio-22499-exec-2] INFO  org.springframework.web.servlet.DispatcherServlet - Completed initialization in 21 ms
2023-02-28 08:47:22.458 [http-nio-22499-exec-2] INFO  com.kingstar.login.utils.LoginInterceptor - preHandle拦截到的请求的URI=/user/test
2023-02-28 09:08:12.689 [SpringContextShutdownHook] INFO  o.s.scheduling.concurrent.ThreadPoolTaskExecutor - Shutting down ExecutorService 'applicationTaskExecutor'
2023-02-28 09:08:37.746 [main] INFO  com.kingstar.login.Application - Starting Application on KS-SHA-LP190037 with PID 11580 (D:\project\loginVerification\target\classes started by junqi.pi in D:\project\loginVerification)
2023-02-28 09:08:37.764 [main] INFO  com.kingstar.login.Application - The following profiles are active: dev
2023-02-28 09:08:41.497 [main] INFO  o.s.boot.web.embedded.tomcat.TomcatWebServer - Tomcat initialized with port(s): 22499 (http)
2023-02-28 09:08:41.521 [main] INFO  org.apache.coyote.http11.Http11NioProtocol - Initializing ProtocolHandler ["http-nio-22499"]
2023-02-28 09:08:41.523 [main] INFO  org.apache.catalina.core.StandardService - Starting service [Tomcat]
2023-02-28 09:08:41.524 [main] INFO  org.apache.catalina.core.StandardEngine - Starting Servlet engine: [Apache Tomcat/9.0.39]
2023-02-28 09:08:41.528 [main] INFO  org.apache.catalina.core.AprLifecycleListener - Loaded Apache Tomcat Native library [1.2.25] using APR version [1.7.0].
2023-02-28 09:08:41.529 [main] INFO  org.apache.catalina.core.AprLifecycleListener - APR capabilities: IPv6 [true], sendfile [true], accept filters [false], random [true].
2023-02-28 09:08:41.529 [main] INFO  org.apache.catalina.core.AprLifecycleListener - APR/OpenSSL configuration: useAprConnector [false], useOpenSSL [true]
2023-02-28 09:08:41.621 [main] INFO  org.apache.catalina.core.AprLifecycleListener - OpenSSL successfully initialized [OpenSSL 1.1.1g  21 Apr 2020]
2023-02-28 09:08:41.942 [main] INFO  o.a.c.core.ContainerBase.[Tomcat].[localhost].[/] - Initializing Spring embedded WebApplicationContext
2023-02-28 09:08:41.942 [main] INFO  o.s.b.w.s.c.ServletWebServerApplicationContext - Root WebApplicationContext: initialization completed in 3943 ms
2023-02-28 09:08:42.422 [main] INFO  o.s.scheduling.concurrent.ThreadPoolTaskExecutor - Initializing ExecutorService 'applicationTaskExecutor'
2023-02-28 09:08:46.397 [main] INFO  org.apache.coyote.http11.Http11NioProtocol - Starting ProtocolHandler ["http-nio-22499"]
2023-02-28 09:08:46.524 [main] INFO  o.s.boot.web.embedded.tomcat.TomcatWebServer - Tomcat started on port(s): 22499 (http) with context path ''
2023-02-28 09:08:46.580 [main] INFO  com.kingstar.login.Application - Started Application in 10.903 seconds (JVM running for 15.023)
2023-02-28 09:08:46.598 [main] INFO  com.kingstar.login.Application - ==================模板已启动================
2023-02-28 09:13:16.446 [SpringContextShutdownHook] INFO  o.s.scheduling.concurrent.ThreadPoolTaskExecutor - Shutting down ExecutorService 'applicationTaskExecutor'
2023-02-28 09:13:38.635 [main] INFO  com.kingstar.login.Application - Starting Application on KS-SHA-LP190037 with PID 29112 (D:\project\loginVerification\target\classes started by junqi.pi in D:\project\loginVerification)
2023-02-28 09:13:38.644 [main] INFO  com.kingstar.login.Application - The following profiles are active: dev
2023-02-28 09:13:42.226 [main] INFO  o.s.boot.web.embedded.tomcat.TomcatWebServer - Tomcat initialized with port(s): 22499 (http)
2023-02-28 09:13:42.243 [main] INFO  org.apache.coyote.http11.Http11NioProtocol - Initializing ProtocolHandler ["http-nio-22499"]
2023-02-28 09:13:42.245 [main] INFO  org.apache.catalina.core.StandardService - Starting service [Tomcat]
2023-02-28 09:13:42.246 [main] INFO  org.apache.catalina.core.StandardEngine - Starting Servlet engine: [Apache Tomcat/9.0.39]
2023-02-28 09:13:42.250 [main] INFO  org.apache.catalina.core.AprLifecycleListener - Loaded Apache Tomcat Native library [1.2.25] using APR version [1.7.0].
2023-02-28 09:13:42.250 [main] INFO  org.apache.catalina.core.AprLifecycleListener - APR capabilities: IPv6 [true], sendfile [true], accept filters [false], random [true].
2023-02-28 09:13:42.251 [main] INFO  org.apache.catalina.core.AprLifecycleListener - APR/OpenSSL configuration: useAprConnector [false], useOpenSSL [true]
2023-02-28 09:13:42.339 [main] INFO  org.apache.catalina.core.AprLifecycleListener - OpenSSL successfully initialized [OpenSSL 1.1.1g  21 Apr 2020]
2023-02-28 09:13:42.661 [main] INFO  o.a.c.core.ContainerBase.[Tomcat].[localhost].[/] - Initializing Spring embedded WebApplicationContext
2023-02-28 09:13:42.661 [main] INFO  o.s.b.w.s.c.ServletWebServerApplicationContext - Root WebApplicationContext: initialization completed in 3875 ms
2023-02-28 09:13:43.226 [main] INFO  o.s.scheduling.concurrent.ThreadPoolTaskExecutor - Initializing ExecutorService 'applicationTaskExecutor'
2023-02-28 09:13:46.766 [main] INFO  org.apache.coyote.http11.Http11NioProtocol - Starting ProtocolHandler ["http-nio-22499"]
2023-02-28 09:13:46.872 [main] INFO  o.s.boot.web.embedded.tomcat.TomcatWebServer - Tomcat started on port(s): 22499 (http) with context path ''
2023-02-28 09:13:46.907 [main] INFO  com.kingstar.login.Application - Started Application in 10.239 seconds (JVM running for 14.796)
2023-02-28 09:13:46.915 [main] INFO  com.kingstar.login.Application - ==================模板已启动================
2023-02-28 09:25:00.949 [SpringContextShutdownHook] INFO  o.s.scheduling.concurrent.ThreadPoolTaskExecutor - Shutting down ExecutorService 'applicationTaskExecutor'
2023-02-28 09:25:23.134 [main] INFO  com.kingstar.login.Application - Starting Application on KS-SHA-LP190037 with PID 30260 (D:\project\loginVerification\target\classes started by junqi.pi in D:\project\loginVerification)
2023-02-28 09:25:23.140 [main] INFO  com.kingstar.login.Application - The following profiles are active: dev
2023-02-28 09:25:26.378 [main] INFO  o.s.boot.web.embedded.tomcat.TomcatWebServer - Tomcat initialized with port(s): 22499 (http)
2023-02-28 09:25:26.397 [main] INFO  org.apache.coyote.http11.Http11NioProtocol - Initializing ProtocolHandler ["http-nio-22499"]
2023-02-28 09:25:26.399 [main] INFO  org.apache.catalina.core.StandardService - Starting service [Tomcat]
2023-02-28 09:25:26.399 [main] INFO  org.apache.catalina.core.StandardEngine - Starting Servlet engine: [Apache Tomcat/9.0.39]
2023-02-28 09:25:26.402 [main] INFO  org.apache.catalina.core.AprLifecycleListener - Loaded Apache Tomcat Native library [1.2.25] using APR version [1.7.0].
2023-02-28 09:25:26.403 [main] INFO  org.apache.catalina.core.AprLifecycleListener - APR capabilities: IPv6 [true], sendfile [true], accept filters [false], random [true].
2023-02-28 09:25:26.403 [main] INFO  org.apache.catalina.core.AprLifecycleListener - APR/OpenSSL configuration: useAprConnector [false], useOpenSSL [true]
2023-02-28 09:25:26.471 [main] INFO  org.apache.catalina.core.AprLifecycleListener - OpenSSL successfully initialized [OpenSSL 1.1.1g  21 Apr 2020]
2023-02-28 09:25:26.750 [main] INFO  o.a.c.core.ContainerBase.[Tomcat].[localhost].[/] - Initializing Spring embedded WebApplicationContext
2023-02-28 09:25:26.751 [main] INFO  o.s.b.w.s.c.ServletWebServerApplicationContext - Root WebApplicationContext: initialization completed in 3471 ms
2023-02-28 09:25:27.144 [main] INFO  o.s.scheduling.concurrent.ThreadPoolTaskExecutor - Initializing ExecutorService 'applicationTaskExecutor'
2023-02-28 09:25:30.081 [main] INFO  org.apache.coyote.http11.Http11NioProtocol - Starting ProtocolHandler ["http-nio-22499"]
2023-02-28 09:25:30.146 [main] INFO  o.s.boot.web.embedded.tomcat.TomcatWebServer - Tomcat started on port(s): 22499 (http) with context path ''
2023-02-28 09:25:30.163 [main] INFO  com.kingstar.login.Application - Started Application in 8.946 seconds (JVM running for 13.103)
2023-02-28 09:25:30.167 [main] INFO  com.kingstar.login.Application - ==================模板已启动================
2023-02-28 09:26:22.484 [http-nio-22499-exec-2] INFO  o.a.c.core.ContainerBase.[Tomcat].[localhost].[/] - Initializing Spring DispatcherServlet 'dispatcherServlet'
2023-02-28 09:26:22.485 [http-nio-22499-exec-2] INFO  org.springframework.web.servlet.DispatcherServlet - Initializing Servlet 'dispatcherServlet'
2023-02-28 09:26:22.500 [http-nio-22499-exec-2] INFO  org.springframework.web.servlet.DispatcherServlet - Completed initialization in 14 ms
2023-02-28 09:26:22.733 [http-nio-22499-exec-2] INFO  com.kingstar.login.utils.LoginInterceptor - preHandle拦截到的请求的URI=/user/test
2023-02-28 09:26:36.286 [http-nio-22499-exec-3] INFO  com.kingstar.login.utils.LoginInterceptor - preHandle拦截到的请求的URI=/user/test
2023-02-28 09:35:52.324 [SpringContextShutdownHook] INFO  o.s.scheduling.concurrent.ThreadPoolTaskExecutor - Shutting down ExecutorService 'applicationTaskExecutor'
2023-02-28 09:36:14.137 [main] INFO  com.kingstar.login.Application - Starting Application on KS-SHA-LP190037 with PID 17828 (D:\project\loginVerification\target\classes started by junqi.pi in D:\project\loginVerification)
2023-02-28 09:36:14.145 [main] INFO  com.kingstar.login.Application - The following profiles are active: dev
2023-02-28 09:36:17.477 [main] INFO  o.s.boot.web.embedded.tomcat.TomcatWebServer - Tomcat initialized with port(s): 22499 (http)
2023-02-28 09:36:17.494 [main] INFO  org.apache.coyote.http11.Http11NioProtocol - Initializing ProtocolHandler ["http-nio-22499"]
2023-02-28 09:36:17.495 [main] INFO  org.apache.catalina.core.StandardService - Starting service [Tomcat]
2023-02-28 09:36:17.496 [main] INFO  org.apache.catalina.core.StandardEngine - Starting Servlet engine: [Apache Tomcat/9.0.39]
2023-02-28 09:36:17.500 [main] INFO  org.apache.catalina.core.AprLifecycleListener - Loaded Apache Tomcat Native library [1.2.25] using APR version [1.7.0].
2023-02-28 09:36:17.500 [main] INFO  org.apache.catalina.core.AprLifecycleListener - APR capabilities: IPv6 [true], sendfile [true], accept filters [false], random [true].
2023-02-28 09:36:17.500 [main] INFO  org.apache.catalina.core.AprLifecycleListener - APR/OpenSSL configuration: useAprConnector [false], useOpenSSL [true]
2023-02-28 09:36:17.575 [main] INFO  org.apache.catalina.core.AprLifecycleListener - OpenSSL successfully initialized [OpenSSL 1.1.1g  21 Apr 2020]
2023-02-28 09:36:17.871 [main] INFO  o.a.c.core.ContainerBase.[Tomcat].[localhost].[/] - Initializing Spring embedded WebApplicationContext
2023-02-28 09:36:17.871 [main] INFO  o.s.b.w.s.c.ServletWebServerApplicationContext - Root WebApplicationContext: initialization completed in 3571 ms
2023-02-28 09:36:18.317 [main] INFO  o.s.scheduling.concurrent.ThreadPoolTaskExecutor - Initializing ExecutorService 'applicationTaskExecutor'
2023-02-28 09:36:21.504 [main] INFO  org.apache.coyote.http11.Http11NioProtocol - Starting ProtocolHandler ["http-nio-22499"]
2023-02-28 09:36:21.575 [main] INFO  o.s.boot.web.embedded.tomcat.TomcatWebServer - Tomcat started on port(s): 22499 (http) with context path ''
2023-02-28 09:36:21.593 [main] INFO  com.kingstar.login.Application - Started Application in 9.175 seconds (JVM running for 12.657)
2023-02-28 09:36:21.597 [main] INFO  com.kingstar.login.Application - ==================模板已启动================
2023-02-28 09:36:29.974 [http-nio-22499-exec-1] INFO  o.a.c.core.ContainerBase.[Tomcat].[localhost].[/] - Initializing Spring DispatcherServlet 'dispatcherServlet'
2023-02-28 09:36:29.976 [http-nio-22499-exec-1] INFO  org.springframework.web.servlet.DispatcherServlet - Initializing Servlet 'dispatcherServlet'
2023-02-28 09:36:29.999 [http-nio-22499-exec-1] INFO  org.springframework.web.servlet.DispatcherServlet - Completed initialization in 22 ms
2023-02-28 09:36:30.282 [http-nio-22499-exec-1] INFO  com.kingstar.login.utils.LoginInterceptor - preHandle拦截到的请求的URI=/user/test
2023-02-28 09:38:10.607 [SpringContextShutdownHook] INFO  o.s.scheduling.concurrent.ThreadPoolTaskExecutor - Shutting down ExecutorService 'applicationTaskExecutor'
2023-02-28 09:38:31.065 [main] INFO  com.kingstar.login.Application - Starting Application on KS-SHA-LP190037 with PID 29828 (D:\project\loginVerification\target\classes started by junqi.pi in D:\project\loginVerification)
2023-02-28 09:38:31.075 [main] INFO  com.kingstar.login.Application - The following profiles are active: dev
2023-02-28 09:38:34.079 [main] INFO  o.s.boot.web.embedded.tomcat.TomcatWebServer - Tomcat initialized with port(s): 22499 (http)
2023-02-28 09:38:34.114 [main] INFO  org.apache.coyote.http11.Http11NioProtocol - Initializing ProtocolHandler ["http-nio-22499"]
2023-02-28 09:38:34.115 [main] INFO  org.apache.catalina.core.StandardService - Starting service [Tomcat]
2023-02-28 09:38:34.117 [main] INFO  org.apache.catalina.core.StandardEngine - Starting Servlet engine: [Apache Tomcat/9.0.39]
2023-02-28 09:38:34.121 [main] INFO  org.apache.catalina.core.AprLifecycleListener - Loaded Apache Tomcat Native library [1.2.25] using APR version [1.7.0].
2023-02-28 09:38:34.122 [main] INFO  org.apache.catalina.core.AprLifecycleListener - APR capabilities: IPv6 [true], sendfile [true], accept filters [false], random [true].
2023-02-28 09:38:34.122 [main] INFO  org.apache.catalina.core.AprLifecycleListener - APR/OpenSSL configuration: useAprConnector [false], useOpenSSL [true]
2023-02-28 09:38:34.193 [main] INFO  org.apache.catalina.core.AprLifecycleListener - OpenSSL successfully initialized [OpenSSL 1.1.1g  21 Apr 2020]
2023-02-28 09:38:34.502 [main] INFO  o.a.c.core.ContainerBase.[Tomcat].[localhost].[/] - Initializing Spring embedded WebApplicationContext
2023-02-28 09:38:34.503 [main] INFO  o.s.b.w.s.c.ServletWebServerApplicationContext - Root WebApplicationContext: initialization completed in 3283 ms
2023-02-28 09:38:35.082 [main] INFO  o.s.scheduling.concurrent.ThreadPoolTaskExecutor - Initializing ExecutorService 'applicationTaskExecutor'
2023-02-28 09:38:38.439 [main] INFO  org.apache.coyote.http11.Http11NioProtocol - Starting ProtocolHandler ["http-nio-22499"]
2023-02-28 09:38:38.527 [main] INFO  o.s.boot.web.embedded.tomcat.TomcatWebServer - Tomcat started on port(s): 22499 (http) with context path ''
2023-02-28 09:38:38.545 [main] INFO  com.kingstar.login.Application - Started Application in 9.185 seconds (JVM running for 12.923)
2023-02-28 09:38:38.550 [main] INFO  com.kingstar.login.Application - ==================模板已启动================
2023-02-28 09:38:44.691 [http-nio-22499-exec-2] INFO  o.a.c.core.ContainerBase.[Tomcat].[localhost].[/] - Initializing Spring DispatcherServlet 'dispatcherServlet'
2023-02-28 09:38:44.692 [http-nio-22499-exec-2] INFO  org.springframework.web.servlet.DispatcherServlet - Initializing Servlet 'dispatcherServlet'
2023-02-28 09:38:44.728 [http-nio-22499-exec-2] INFO  org.springframework.web.servlet.DispatcherServlet - Completed initialization in 36 ms
2023-02-28 09:38:45.078 [http-nio-22499-exec-2] INFO  com.kingstar.login.utils.LoginInterceptor - preHandle拦截到的请求的URI=/user/test
2023-02-28 09:38:56.999 [http-nio-22499-exec-1] INFO  com.kingstar.login.utils.LoginInterceptor - preHandle拦截到的请求的URI=/user/test
2023-02-28 09:39:07.313 [http-nio-22499-exec-5] INFO  org.apache.coyote.http11.Http11Processor - Error parsing HTTP request header
 Note: further occurrences of HTTP request parsing errors will be logged at DEBUG level.
java.lang.IllegalArgumentException: Invalid character found in method name [0x160x030x010x020x000x010x000x010xfc0x030x030xe70xee)n0x9e0xa4)0xe70x850xce/tv0xbf50xd90x1a0xb80xd9i0xb6>0xf50x84N0xb20x960x17w.Hx]. HTTP method names must be tokens
	at org.apache.coyote.http11.Http11InputBuffer.parseRequestLine(Http11InputBuffer.java:417)
	at org.apache.coyote.http11.Http11Processor.service(Http11Processor.java:261)
	at org.apache.coyote.AbstractProcessorLight.process(AbstractProcessorLight.java:65)
	at org.apache.coyote.AbstractProtocol$ConnectionHandler.process(AbstractProtocol.java:868)
	at org.apache.tomcat.util.net.NioEndpoint$SocketProcessor.doRun(NioEndpoint.java:1590)
	at org.apache.tomcat.util.net.SocketProcessorBase.run(SocketProcessorBase.java:49)
	at java.util.concurrent.ThreadPoolExecutor.runWorker(ThreadPoolExecutor.java:1149)
	at java.util.concurrent.ThreadPoolExecutor$Worker.run(ThreadPoolExecutor.java:624)
	at org.apache.tomcat.util.threads.TaskThread$WrappingRunnable.run(TaskThread.java:61)
	at java.lang.Thread.run(Thread.java:748)
2023-02-28 09:39:38.306 [http-nio-22499-exec-6] INFO  com.kingstar.login.utils.LoginInterceptor - preHandle拦截到的请求的URI=/user/test
2023-02-28 09:39:38.323 [http-nio-22499-exec-6] INFO  com.kingstar.login.utils.LoginInterceptor - postHandle() 执行了...
2023-02-28 09:39:38.325 [http-nio-22499-exec-6] INFO  com.kingstar.login.utils.LoginInterceptor - afterCompletion() 执行了...
2023-02-28 09:43:30.507 [SpringContextShutdownHook] INFO  o.s.scheduling.concurrent.ThreadPoolTaskExecutor - Shutting down ExecutorService 'applicationTaskExecutor'
2023-02-28 09:43:50.547 [main] INFO  com.kingstar.login.Application - Starting Application on KS-SHA-LP190037 with PID 19560 (D:\project\loginVerification\target\classes started by junqi.pi in D:\project\loginVerification)
2023-02-28 09:43:50.557 [main] INFO  com.kingstar.login.Application - The following profiles are active: dev
2023-02-28 09:43:53.884 [main] INFO  o.s.boot.web.embedded.tomcat.TomcatWebServer - Tomcat initialized with port(s): 22499 (http)
2023-02-28 09:43:53.917 [main] INFO  org.apache.coyote.http11.Http11NioProtocol - Initializing ProtocolHandler ["http-nio-22499"]
2023-02-28 09:43:53.922 [main] INFO  org.apache.catalina.core.StandardService - Starting service [Tomcat]
2023-02-28 09:43:53.923 [main] INFO  org.apache.catalina.core.StandardEngine - Starting Servlet engine: [Apache Tomcat/9.0.39]
2023-02-28 09:43:53.927 [main] INFO  org.apache.catalina.core.AprLifecycleListener - Loaded Apache Tomcat Native library [1.2.25] using APR version [1.7.0].
2023-02-28 09:43:53.928 [main] INFO  org.apache.catalina.core.AprLifecycleListener - APR capabilities: IPv6 [true], sendfile [true], accept filters [false], random [true].
2023-02-28 09:43:53.929 [main] INFO  org.apache.catalina.core.AprLifecycleListener - APR/OpenSSL configuration: useAprConnector [false], useOpenSSL [true]
2023-02-28 09:43:53.994 [main] INFO  org.apache.catalina.core.AprLifecycleListener - OpenSSL successfully initialized [OpenSSL 1.1.1g  21 Apr 2020]
2023-02-28 09:43:54.243 [main] INFO  o.a.c.core.ContainerBase.[Tomcat].[localhost].[/] - Initializing Spring embedded WebApplicationContext
2023-02-28 09:43:54.243 [main] INFO  o.s.b.w.s.c.ServletWebServerApplicationContext - Root WebApplicationContext: initialization completed in 3509 ms
2023-02-28 09:43:54.656 [main] INFO  o.s.scheduling.concurrent.ThreadPoolTaskExecutor - Initializing ExecutorService 'applicationTaskExecutor'
2023-02-28 09:43:57.626 [main] INFO  org.apache.coyote.http11.Http11NioProtocol - Starting ProtocolHandler ["http-nio-22499"]
2023-02-28 09:43:57.686 [main] INFO  o.s.boot.web.embedded.tomcat.TomcatWebServer - Tomcat started on port(s): 22499 (http) with context path ''
2023-02-28 09:43:57.709 [main] INFO  com.kingstar.login.Application - Started Application in 9.204 seconds (JVM running for 12.909)
2023-02-28 09:43:57.720 [main] INFO  com.kingstar.login.Application - ==================模板已启动================
2023-02-28 10:20:17.088 [SpringContextShutdownHook] INFO  o.s.scheduling.concurrent.ThreadPoolTaskExecutor - Shutting down ExecutorService 'applicationTaskExecutor'
2023-02-28 10:20:32.248 [main] INFO  com.kingstar.login.Application - Starting Application on KS-SHA-LP190037 with PID 21840 (D:\project\loginVerification\target\classes started by junqi.pi in D:\project\loginVerification)
2023-02-28 10:20:32.252 [main] INFO  com.kingstar.login.Application - The following profiles are active: dev
2023-02-28 10:20:34.372 [main] INFO  o.s.boot.web.embedded.tomcat.TomcatWebServer - Tomcat initialized with port(s): 22499 (http)
2023-02-28 10:20:34.384 [main] INFO  org.apache.coyote.http11.Http11NioProtocol - Initializing ProtocolHandler ["http-nio-22499"]
2023-02-28 10:20:34.385 [main] INFO  org.apache.catalina.core.StandardService - Starting service [Tomcat]
2023-02-28 10:20:34.385 [main] INFO  org.apache.catalina.core.StandardEngine - Starting Servlet engine: [Apache Tomcat/9.0.39]
2023-02-28 10:20:34.387 [main] INFO  org.apache.catalina.core.AprLifecycleListener - Loaded Apache Tomcat Native library [1.2.25] using APR version [1.7.0].
2023-02-28 10:20:34.387 [main] INFO  org.apache.catalina.core.AprLifecycleListener - APR capabilities: IPv6 [true], sendfile [true], accept filters [false], random [true].
2023-02-28 10:20:34.387 [main] INFO  org.apache.catalina.core.AprLifecycleListener - APR/OpenSSL configuration: useAprConnector [false], useOpenSSL [true]
2023-02-28 10:20:34.445 [main] INFO  org.apache.catalina.core.AprLifecycleListener - OpenSSL successfully initialized [OpenSSL 1.1.1g  21 Apr 2020]
2023-02-28 10:20:34.625 [main] INFO  o.a.c.core.ContainerBase.[Tomcat].[localhost].[/] - Initializing Spring embedded WebApplicationContext
2023-02-28 10:20:34.625 [main] INFO  o.s.b.w.s.c.ServletWebServerApplicationContext - Root WebApplicationContext: initialization completed in 2239 ms
2023-02-28 10:20:34.906 [main] INFO  o.s.scheduling.concurrent.ThreadPoolTaskExecutor - Initializing ExecutorService 'applicationTaskExecutor'
2023-02-28 10:20:36.820 [main] INFO  org.apache.coyote.http11.Http11NioProtocol - Starting ProtocolHandler ["http-nio-22499"]
2023-02-28 10:20:36.860 [main] INFO  o.s.boot.web.embedded.tomcat.TomcatWebServer - Tomcat started on port(s): 22499 (http) with context path ''
2023-02-28 10:20:36.877 [main] INFO  com.kingstar.login.Application - Started Application in 5.807 seconds (JVM running for 8.305)
2023-02-28 10:20:36.880 [main] INFO  com.kingstar.login.Application - ==================模板已启动================
2023-02-28 10:21:47.216 [SpringContextShutdownHook] INFO  o.s.scheduling.concurrent.ThreadPoolTaskExecutor - Shutting down ExecutorService 'applicationTaskExecutor'
2023-02-28 10:21:59.356 [main] INFO  com.kingstar.login.Application - Starting Application on KS-SHA-LP190037 with PID 18256 (D:\project\loginVerification\target\classes started by junqi.pi in D:\project\loginVerification)
2023-02-28 10:21:59.361 [main] INFO  com.kingstar.login.Application - The following profiles are active: dev
2023-02-28 10:22:01.346 [main] INFO  o.s.boot.web.embedded.tomcat.TomcatWebServer - Tomcat initialized with port(s): 22499 (http)
2023-02-28 10:22:01.361 [main] INFO  org.apache.coyote.http11.Http11NioProtocol - Initializing ProtocolHandler ["http-nio-22499"]
2023-02-28 10:22:01.362 [main] INFO  org.apache.catalina.core.StandardService - Starting service [Tomcat]
2023-02-28 10:22:01.362 [main] INFO  org.apache.catalina.core.StandardEngine - Starting Servlet engine: [Apache Tomcat/9.0.39]
2023-02-28 10:22:01.365 [main] INFO  org.apache.catalina.core.AprLifecycleListener - Loaded Apache Tomcat Native library [1.2.25] using APR version [1.7.0].
2023-02-28 10:22:01.365 [main] INFO  org.apache.catalina.core.AprLifecycleListener - APR capabilities: IPv6 [true], sendfile [true], accept filters [false], random [true].
2023-02-28 10:22:01.365 [main] INFO  org.apache.catalina.core.AprLifecycleListener - APR/OpenSSL configuration: useAprConnector [false], useOpenSSL [true]
2023-02-28 10:22:01.371 [main] INFO  org.apache.catalina.core.AprLifecycleListener - OpenSSL successfully initialized [OpenSSL 1.1.1g  21 Apr 2020]
2023-02-28 10:22:01.585 [main] INFO  o.a.c.core.ContainerBase.[Tomcat].[localhost].[/] - Initializing Spring embedded WebApplicationContext
2023-02-28 10:22:01.586 [main] INFO  o.s.b.w.s.c.ServletWebServerApplicationContext - Root WebApplicationContext: initialization completed in 2089 ms
2023-02-28 10:22:01.906 [main] INFO  o.s.scheduling.concurrent.ThreadPoolTaskExecutor - Initializing ExecutorService 'applicationTaskExecutor'
2023-02-28 10:22:03.687 [main] INFO  org.apache.coyote.http11.Http11NioProtocol - Starting ProtocolHandler ["http-nio-22499"]
2023-02-28 10:22:03.710 [main] INFO  o.s.boot.web.embedded.tomcat.TomcatWebServer - Tomcat started on port(s): 22499 (http) with context path ''
2023-02-28 10:22:03.719 [main] INFO  com.kingstar.login.Application - Started Application in 5.518 seconds (JVM running for 7.712)
2023-02-28 10:22:03.726 [main] INFO  com.kingstar.login.Application - ==================模板已启动================
2023-02-28 10:22:29.621 [http-nio-22499-exec-1] INFO  o.a.c.core.ContainerBase.[Tomcat].[localhost].[/] - Initializing Spring DispatcherServlet 'dispatcherServlet'
2023-02-28 10:22:29.622 [http-nio-22499-exec-1] INFO  org.springframework.web.servlet.DispatcherServlet - Initializing Servlet 'dispatcherServlet'
2023-02-28 10:22:29.639 [http-nio-22499-exec-1] INFO  org.springframework.web.servlet.DispatcherServlet - Completed initialization in 17 ms
2023-02-28 10:22:29.789 [http-nio-22499-exec-1] INFO  com.kingstar.login.utils.LoginInterceptor - preHandle拦截到的请求的URI=/user/test
2023-02-28 10:22:50.129 [http-nio-22499-exec-4] INFO  com.kingstar.login.utils.LoginInterceptor - preHandle拦截到的请求的URI=/user/test
2023-02-28 10:22:50.148 [http-nio-22499-exec-4] INFO  com.kingstar.login.utils.LoginInterceptor - postHandle() 执行了...
2023-02-28 10:22:50.149 [http-nio-22499-exec-4] INFO  com.kingstar.login.utils.LoginInterceptor - afterCompletion() 执行了...
2023-02-28 10:23:55.607 [SpringContextShutdownHook] INFO  o.s.scheduling.concurrent.ThreadPoolTaskExecutor - Shutting down ExecutorService 'applicationTaskExecutor'
2023-02-28 10:24:06.549 [main] INFO  com.kingstar.login.Application - Starting Application on KS-SHA-LP190037 with PID 21944 (D:\project\loginVerification\target\classes started by junqi.pi in D:\project\loginVerification)
2023-02-28 10:24:06.554 [main] INFO  com.kingstar.login.Application - The following profiles are active: dev
2023-02-28 10:24:08.080 [main] INFO  o.s.boot.web.embedded.tomcat.TomcatWebServer - Tomcat initialized with port(s): 22499 (http)
2023-02-28 10:24:08.091 [main] INFO  org.apache.coyote.http11.Http11NioProtocol - Initializing ProtocolHandler ["http-nio-22499"]
2023-02-28 10:24:08.092 [main] INFO  org.apache.catalina.core.StandardService - Starting service [Tomcat]
2023-02-28 10:24:08.092 [main] INFO  org.apache.catalina.core.StandardEngine - Starting Servlet engine: [Apache Tomcat/9.0.39]
2023-02-28 10:24:08.094 [main] INFO  org.apache.catalina.core.AprLifecycleListener - Loaded Apache Tomcat Native library [1.2.25] using APR version [1.7.0].
2023-02-28 10:24:08.094 [main] INFO  org.apache.catalina.core.AprLifecycleListener - APR capabilities: IPv6 [true], sendfile [true], accept filters [false], random [true].
2023-02-28 10:24:08.095 [main] INFO  org.apache.catalina.core.AprLifecycleListener - APR/OpenSSL configuration: useAprConnector [false], useOpenSSL [true]
2023-02-28 10:24:08.106 [main] INFO  org.apache.catalina.core.AprLifecycleListener - OpenSSL successfully initialized [OpenSSL 1.1.1g  21 Apr 2020]
2023-02-28 10:24:08.258 [main] INFO  o.a.c.core.ContainerBase.[Tomcat].[localhost].[/] - Initializing Spring embedded WebApplicationContext
2023-02-28 10:24:08.258 [main] INFO  o.s.b.w.s.c.ServletWebServerApplicationContext - Root WebApplicationContext: initialization completed in 1614 ms
2023-02-28 10:24:08.621 [main] INFO  o.s.scheduling.concurrent.ThreadPoolTaskExecutor - Initializing ExecutorService 'applicationTaskExecutor'
2023-02-28 10:24:10.447 [main] INFO  org.apache.coyote.http11.Http11NioProtocol - Starting ProtocolHandler ["http-nio-22499"]
2023-02-28 10:24:10.479 [main] INFO  o.s.boot.web.embedded.tomcat.TomcatWebServer - Tomcat started on port(s): 22499 (http) with context path ''
2023-02-28 10:24:10.490 [main] INFO  com.kingstar.login.Application - Started Application in 4.977 seconds (JVM running for 7.644)
2023-02-28 10:24:10.495 [main] INFO  com.kingstar.login.Application - ==================模板已启动================
2023-02-28 10:24:24.705 [http-nio-22499-exec-2] INFO  o.a.c.core.ContainerBase.[Tomcat].[localhost].[/] - Initializing Spring DispatcherServlet 'dispatcherServlet'
2023-02-28 10:24:24.705 [http-nio-22499-exec-2] INFO  org.springframework.web.servlet.DispatcherServlet - Initializing Servlet 'dispatcherServlet'
2023-02-28 10:24:24.712 [http-nio-22499-exec-2] INFO  org.springframework.web.servlet.DispatcherServlet - Completed initialization in 7 ms
2023-02-28 10:24:24.726 [http-nio-22499-exec-2] INFO  com.kingstar.login.utils.LoginInterceptor - preHandle拦截到的请求的URI=/user/test
2023-02-28 10:24:42.335 [http-nio-22499-exec-3] INFO  com.kingstar.login.utils.LoginInterceptor - preHandle拦截到的请求的URI=/user/test
2023-02-28 10:24:42.345 [http-nio-22499-exec-3] INFO  com.kingstar.login.utils.LoginInterceptor - postHandle() 执行了...
2023-02-28 10:24:42.346 [http-nio-22499-exec-3] INFO  com.kingstar.login.utils.LoginInterceptor - afterCompletion() 执行了...
2023-02-28 10:25:31.863 [SpringContextShutdownHook] INFO  o.s.scheduling.concurrent.ThreadPoolTaskExecutor - Shutting down ExecutorService 'applicationTaskExecutor'
2023-02-28 10:25:45.445 [main] INFO  com.kingstar.login.Application - Starting Application on KS-SHA-LP190037 with PID 28024 (D:\project\loginVerification\target\classes started by junqi.pi in D:\project\loginVerification)
2023-02-28 10:25:45.454 [main] INFO  com.kingstar.login.Application - The following profiles are active: dev
2023-02-28 10:25:48.618 [main] INFO  o.s.boot.web.embedded.tomcat.TomcatWebServer - Tomcat initialized with port(s): 22499 (http)
2023-02-28 10:25:48.632 [main] INFO  org.apache.coyote.http11.Http11NioProtocol - Initializing ProtocolHandler ["http-nio-22499"]
2023-02-28 10:25:48.633 [main] INFO  org.apache.catalina.core.StandardService - Starting service [Tomcat]
2023-02-28 10:25:48.634 [main] INFO  org.apache.catalina.core.StandardEngine - Starting Servlet engine: [Apache Tomcat/9.0.39]
2023-02-28 10:25:48.637 [main] INFO  org.apache.catalina.core.AprLifecycleListener - Loaded Apache Tomcat Native library [1.2.25] using APR version [1.7.0].
2023-02-28 10:25:48.638 [main] INFO  org.apache.catalina.core.AprLifecycleListener - APR capabilities: IPv6 [true], sendfile [true], accept filters [false], random [true].
2023-02-28 10:25:48.638 [main] INFO  org.apache.catalina.core.AprLifecycleListener - APR/OpenSSL configuration: useAprConnector [false], useOpenSSL [true]
2023-02-28 10:25:48.701 [main] INFO  org.apache.catalina.core.AprLifecycleListener - OpenSSL successfully initialized [OpenSSL 1.1.1g  21 Apr 2020]
2023-02-28 10:25:48.951 [main] INFO  o.a.c.core.ContainerBase.[Tomcat].[localhost].[/] - Initializing Spring embedded WebApplicationContext
2023-02-28 10:25:48.951 [main] INFO  o.s.b.w.s.c.ServletWebServerApplicationContext - Root WebApplicationContext: initialization completed in 3341 ms
2023-02-28 10:25:49.077 [main] INFO  org.apache.catalina.core.StandardService - Stopping service [Tomcat]
2023-02-28 10:25:49.148 [main] INFO  o.s.b.a.l.ConditionEvaluationReportLoggingListener - 

Error starting ApplicationContext. To display the conditions report re-run your application with 'debug' enabled.
2023-02-28 10:26:51.902 [main] INFO  com.kingstar.login.Application - Starting Application on KS-SHA-LP190037 with PID 16648 (D:\project\loginVerification\target\classes started by junqi.pi in D:\project\loginVerification)
2023-02-28 10:26:51.908 [main] INFO  com.kingstar.login.Application - The following profiles are active: dev
2023-02-28 10:26:53.799 [main] INFO  o.s.boot.web.embedded.tomcat.TomcatWebServer - Tomcat initialized with port(s): 22499 (http)
2023-02-28 10:26:53.809 [main] INFO  org.apache.coyote.http11.Http11NioProtocol - Initializing ProtocolHandler ["http-nio-22499"]
2023-02-28 10:26:53.810 [main] INFO  org.apache.catalina.core.StandardService - Starting service [Tomcat]
2023-02-28 10:26:53.810 [main] INFO  org.apache.catalina.core.StandardEngine - Starting Servlet engine: [Apache Tomcat/9.0.39]
2023-02-28 10:26:53.812 [main] INFO  org.apache.catalina.core.AprLifecycleListener - Loaded Apache Tomcat Native library [1.2.25] using APR version [1.7.0].
2023-02-28 10:26:53.812 [main] INFO  org.apache.catalina.core.AprLifecycleListener - APR capabilities: IPv6 [true], sendfile [true], accept filters [false], random [true].
2023-02-28 10:26:53.813 [main] INFO  org.apache.catalina.core.AprLifecycleListener - APR/OpenSSL configuration: useAprConnector [false], useOpenSSL [true]
2023-02-28 10:26:53.873 [main] INFO  org.apache.catalina.core.AprLifecycleListener - OpenSSL successfully initialized [OpenSSL 1.1.1g  21 Apr 2020]
2023-02-28 10:26:54.045 [main] INFO  o.a.c.core.ContainerBase.[Tomcat].[localhost].[/] - Initializing Spring embedded WebApplicationContext
2023-02-28 10:26:54.046 [main] INFO  o.s.b.w.s.c.ServletWebServerApplicationContext - Root WebApplicationContext: initialization completed in 2023 ms
2023-02-28 10:26:54.145 [main] INFO  org.apache.catalina.core.StandardService - Stopping service [Tomcat]
2023-02-28 10:26:54.214 [main] INFO  o.s.b.a.l.ConditionEvaluationReportLoggingListener - 

Error starting ApplicationContext. To display the conditions report re-run your application with 'debug' enabled.
2023-02-28 10:28:51.491 [main] INFO  com.kingstar.login.Application - Starting Application on KS-SHA-LP190037 with PID 9080 (D:\project\loginVerification\target\classes started by junqi.pi in D:\project\loginVerification)
2023-02-28 10:28:51.495 [main] INFO  com.kingstar.login.Application - The following profiles are active: dev
2023-02-28 10:28:53.300 [main] INFO  o.s.boot.web.embedded.tomcat.TomcatWebServer - Tomcat initialized with port(s): 22499 (http)
2023-02-28 10:28:53.320 [main] INFO  org.apache.coyote.http11.Http11NioProtocol - Initializing ProtocolHandler ["http-nio-22499"]
2023-02-28 10:28:53.323 [main] INFO  org.apache.catalina.core.StandardService - Starting service [Tomcat]
2023-02-28 10:28:53.324 [main] INFO  org.apache.catalina.core.StandardEngine - Starting Servlet engine: [Apache Tomcat/9.0.39]
2023-02-28 10:28:53.328 [main] INFO  org.apache.catalina.core.AprLifecycleListener - Loaded Apache Tomcat Native library [1.2.25] using APR version [1.7.0].
2023-02-28 10:28:53.332 [main] INFO  org.apache.catalina.core.AprLifecycleListener - APR capabilities: IPv6 [true], sendfile [true], accept filters [false], random [true].
2023-02-28 10:28:53.333 [main] INFO  org.apache.catalina.core.AprLifecycleListener - APR/OpenSSL configuration: useAprConnector [false], useOpenSSL [true]
2023-02-28 10:28:53.395 [main] INFO  org.apache.catalina.core.AprLifecycleListener - OpenSSL successfully initialized [OpenSSL 1.1.1g  21 Apr 2020]
2023-02-28 10:28:53.542 [main] INFO  o.a.c.core.ContainerBase.[Tomcat].[localhost].[/] - Initializing Spring embedded WebApplicationContext
2023-02-28 10:28:53.543 [main] INFO  o.s.b.w.s.c.ServletWebServerApplicationContext - Root WebApplicationContext: initialization completed in 1938 ms
2023-02-28 10:28:56.981 [main] INFO  o.s.scheduling.concurrent.ThreadPoolTaskExecutor - Initializing ExecutorService 'applicationTaskExecutor'
2023-02-28 10:28:58.857 [main] INFO  o.s.scheduling.concurrent.ThreadPoolTaskScheduler - Initializing ExecutorService 'taskScheduler'
2023-02-28 10:28:58.891 [main] INFO  org.apache.coyote.http11.Http11NioProtocol - Starting ProtocolHandler ["http-nio-22499"]
2023-02-28 10:28:58.928 [main] INFO  o.s.boot.web.embedded.tomcat.TomcatWebServer - Tomcat started on port(s): 22499 (http) with context path ''
2023-02-28 10:28:58.944 [main] INFO  com.kingstar.login.Application - Started Application in 8.863 seconds (JVM running for 11.617)
2023-02-28 10:28:58.946 [main] INFO  com.kingstar.login.Application - ==================模板已启动================
2023-02-28 10:29:11.901 [SpringContextShutdownHook] INFO  o.s.scheduling.concurrent.ThreadPoolTaskScheduler - Shutting down ExecutorService 'taskScheduler'
2023-02-28 10:29:11.903 [SpringContextShutdownHook] INFO  o.s.scheduling.concurrent.ThreadPoolTaskExecutor - Shutting down ExecutorService 'applicationTaskExecutor'
2023-02-28 10:29:24.758 [main] INFO  com.kingstar.login.Application - Starting Application on KS-SHA-LP190037 with PID 8076 (D:\project\loginVerification\target\classes started by junqi.pi in D:\project\loginVerification)
2023-02-28 10:29:24.764 [main] INFO  com.kingstar.login.Application - The following profiles are active: dev
2023-02-28 10:29:26.954 [main] INFO  o.s.boot.web.embedded.tomcat.TomcatWebServer - Tomcat initialized with port(s): 22499 (http)
2023-02-28 10:29:26.964 [main] INFO  org.apache.coyote.http11.Http11NioProtocol - Initializing ProtocolHandler ["http-nio-22499"]
2023-02-28 10:29:26.965 [main] INFO  org.apache.catalina.core.StandardService - Starting service [Tomcat]
2023-02-28 10:29:26.965 [main] INFO  org.apache.catalina.core.StandardEngine - Starting Servlet engine: [Apache Tomcat/9.0.39]
2023-02-28 10:29:26.967 [main] INFO  org.apache.catalina.core.AprLifecycleListener - Loaded Apache Tomcat Native library [1.2.25] using APR version [1.7.0].
2023-02-28 10:29:26.967 [main] INFO  org.apache.catalina.core.AprLifecycleListener - APR capabilities: IPv6 [true], sendfile [true], accept filters [false], random [true].
2023-02-28 10:29:26.968 [main] INFO  org.apache.catalina.core.AprLifecycleListener - APR/OpenSSL configuration: useAprConnector [false], useOpenSSL [true]
2023-02-28 10:29:27.035 [main] INFO  org.apache.catalina.core.AprLifecycleListener - OpenSSL successfully initialized [OpenSSL 1.1.1g  21 Apr 2020]
2023-02-28 10:29:27.215 [main] INFO  o.a.c.core.ContainerBase.[Tomcat].[localhost].[/] - Initializing Spring embedded WebApplicationContext
2023-02-28 10:29:27.215 [main] INFO  o.s.b.w.s.c.ServletWebServerApplicationContext - Root WebApplicationContext: initialization completed in 2334 ms
2023-02-28 10:29:27.525 [main] INFO  o.s.scheduling.concurrent.ThreadPoolTaskExecutor - Initializing ExecutorService 'applicationTaskExecutor'
2023-02-28 10:29:29.482 [main] INFO  o.s.scheduling.concurrent.ThreadPoolTaskScheduler - Initializing ExecutorService 'taskScheduler'
2023-02-28 10:29:29.533 [main] INFO  org.apache.coyote.http11.Http11NioProtocol - Starting ProtocolHandler ["http-nio-22499"]
2023-02-28 10:29:29.560 [main] INFO  o.s.boot.web.embedded.tomcat.TomcatWebServer - Tomcat started on port(s): 22499 (http) with context path ''
2023-02-28 10:29:29.574 [main] INFO  com.kingstar.login.Application - Started Application in 6.239 seconds (JVM running for 9.147)
2023-02-28 10:29:29.576 [main] INFO  com.kingstar.login.Application - ==================模板已启动================
2023-02-28 10:29:34.957 [http-nio-22499-exec-1] INFO  o.a.c.core.ContainerBase.[Tomcat].[localhost].[/] - Initializing Spring DispatcherServlet 'dispatcherServlet'
2023-02-28 10:29:34.957 [http-nio-22499-exec-1] INFO  org.springframework.web.servlet.DispatcherServlet - Initializing Servlet 'dispatcherServlet'
2023-02-28 10:29:34.964 [http-nio-22499-exec-1] INFO  org.springframework.web.servlet.DispatcherServlet - Completed initialization in 7 ms
2023-02-28 10:29:43.941 [http-nio-22499-exec-2] INFO  com.kingstar.login.utils.LoginInterceptor - preHandle拦截到的请求的URI=/user/test
2023-02-28 10:29:43.953 [http-nio-22499-exec-2] INFO  com.kingstar.login.utils.LoginInterceptor - postHandle() 执行了...
2023-02-28 10:29:43.954 [http-nio-22499-exec-2] INFO  com.kingstar.login.utils.LoginInterceptor - afterCompletion() 执行了...
2023-02-28 10:29:54.548 [http-nio-22499-exec-3] INFO  org.apache.coyote.http11.Http11Processor - Error parsing HTTP request header
 Note: further occurrences of HTTP request parsing errors will be logged at DEBUG level.
java.lang.IllegalArgumentException: Invalid character found in method name [0x160x030x010x000xe50x010x000x000xe10x030x03C@0xaa}0xda0xc50xee0x0b0x930xb7ZSDG0xc20xc0Q0xfd0xcfz0xc40x830x960xb20xa7j0xa00xdf0xffm0xe50x8c]. HTTP method names must be tokens
	at org.apache.coyote.http11.Http11InputBuffer.parseRequestLine(Http11InputBuffer.java:417)
	at org.apache.coyote.http11.Http11Processor.service(Http11Processor.java:261)
	at org.apache.coyote.AbstractProcessorLight.process(AbstractProcessorLight.java:65)
	at org.apache.coyote.AbstractProtocol$ConnectionHandler.process(AbstractProtocol.java:868)
	at org.apache.tomcat.util.net.NioEndpoint$SocketProcessor.doRun(NioEndpoint.java:1590)
	at org.apache.tomcat.util.net.SocketProcessorBase.run(SocketProcessorBase.java:49)
	at java.util.concurrent.ThreadPoolExecutor.runWorker(ThreadPoolExecutor.java:1149)
	at java.util.concurrent.ThreadPoolExecutor$Worker.run(ThreadPoolExecutor.java:624)
	at org.apache.tomcat.util.threads.TaskThread$WrappingRunnable.run(TaskThread.java:61)
	at java.lang.Thread.run(Thread.java:748)
2023-02-28 10:30:00.034 [http-nio-22499-exec-4] INFO  com.kingstar.login.utils.LoginInterceptor - preHandle拦截到的请求的URI=/user/getMap
2023-02-28 10:30:00.037 [http-nio-22499-exec-4] INFO  com.kingstar.login.utils.LoginInterceptor - postHandle() 执行了...
2023-02-28 10:30:00.037 [http-nio-22499-exec-4] INFO  com.kingstar.login.utils.LoginInterceptor - afterCompletion() 执行了...
2023-02-28 10:30:36.548 [http-nio-22499-exec-5] INFO  com.kingstar.login.utils.LoginInterceptor - preHandle拦截到的请求的URI=/user/getMap
2023-02-28 10:30:36.549 [http-nio-22499-exec-5] INFO  com.kingstar.login.utils.LoginInterceptor - postHandle() 执行了...
2023-02-28 10:30:36.550 [http-nio-22499-exec-5] INFO  com.kingstar.login.utils.LoginInterceptor - afterCompletion() 执行了...
2023-02-28 10:30:37.812 [http-nio-22499-exec-6] INFO  com.kingstar.login.utils.LoginInterceptor - preHandle拦截到的请求的URI=/user/getMap
2023-02-28 10:30:37.814 [http-nio-22499-exec-6] INFO  com.kingstar.login.utils.LoginInterceptor - postHandle() 执行了...
2023-02-28 10:30:37.814 [http-nio-22499-exec-6] INFO  com.kingstar.login.utils.LoginInterceptor - afterCompletion() 执行了...
2023-02-28 10:34:43.241 [http-nio-22499-exec-8] INFO  com.kingstar.login.utils.LoginInterceptor - preHandle拦截到的请求的URI=/user/getMap
2023-02-28 10:34:43.243 [http-nio-22499-exec-8] INFO  com.kingstar.login.utils.LoginInterceptor - postHandle() 执行了...
2023-02-28 10:34:43.243 [http-nio-22499-exec-8] INFO  com.kingstar.login.utils.LoginInterceptor - afterCompletion() 执行了...
2023-02-28 10:34:52.444 [http-nio-22499-exec-9] INFO  com.kingstar.login.utils.LoginInterceptor - preHandle拦截到的请求的URI=/user/test
2023-02-28 10:34:52.445 [http-nio-22499-exec-9] INFO  com.kingstar.login.utils.LoginInterceptor - postHandle() 执行了...
2023-02-28 10:34:52.445 [http-nio-22499-exec-9] INFO  com.kingstar.login.utils.LoginInterceptor - afterCompletion() 执行了...
2023-02-28 10:34:53.552 [http-nio-22499-exec-7] INFO  com.kingstar.login.utils.LoginInterceptor - preHandle拦截到的请求的URI=/user/test
2023-02-28 10:34:53.554 [http-nio-22499-exec-7] INFO  com.kingstar.login.utils.LoginInterceptor - postHandle() 执行了...
2023-02-28 10:34:53.554 [http-nio-22499-exec-7] INFO  com.kingstar.login.utils.LoginInterceptor - afterCompletion() 执行了...
2023-02-28 10:34:54.524 [http-nio-22499-exec-1] INFO  com.kingstar.login.utils.LoginInterceptor - preHandle拦截到的请求的URI=/user/test
2023-02-28 10:34:54.525 [http-nio-22499-exec-1] INFO  com.kingstar.login.utils.LoginInterceptor - postHandle() 执行了...
2023-02-28 10:34:54.525 [http-nio-22499-exec-1] INFO  com.kingstar.login.utils.LoginInterceptor - afterCompletion() 执行了...
2023-02-28 10:36:05.734 [http-nio-22499-exec-3] INFO  com.kingstar.login.utils.LoginInterceptor - preHandle拦截到的请求的URI=/user/test
2023-02-28 10:36:05.738 [http-nio-22499-exec-3] INFO  com.kingstar.login.utils.LoginInterceptor - postHandle() 执行了...
2023-02-28 10:36:05.738 [http-nio-22499-exec-3] INFO  com.kingstar.login.utils.LoginInterceptor - afterCompletion() 执行了...
2023-02-28 10:52:01.179 [SpringContextShutdownHook] INFO  o.s.scheduling.concurrent.ThreadPoolTaskScheduler - Shutting down ExecutorService 'taskScheduler'
2023-02-28 10:52:01.194 [SpringContextShutdownHook] INFO  o.s.scheduling.concurrent.ThreadPoolTaskExecutor - Shutting down ExecutorService 'applicationTaskExecutor'
2023-02-28 10:52:14.443 [main] INFO  com.kingstar.login.Application - Starting Application on KS-SHA-LP190037 with PID 18016 (D:\project\loginVerification\target\classes started by junqi.pi in D:\project\loginVerification)
2023-02-28 10:52:14.454 [main] INFO  com.kingstar.login.Application - The following profiles are active: dev
2023-02-28 10:52:18.183 [main] INFO  o.s.boot.web.embedded.tomcat.TomcatWebServer - Tomcat initialized with port(s): 22499 (http)
2023-02-28 10:52:18.210 [main] INFO  org.apache.coyote.http11.Http11NioProtocol - Initializing ProtocolHandler ["http-nio-22499"]
2023-02-28 10:52:18.216 [main] INFO  org.apache.catalina.core.StandardService - Starting service [Tomcat]
2023-02-28 10:52:18.217 [main] INFO  org.apache.catalina.core.StandardEngine - Starting Servlet engine: [Apache Tomcat/9.0.39]
2023-02-28 10:52:18.227 [main] INFO  org.apache.catalina.core.AprLifecycleListener - Loaded Apache Tomcat Native library [1.2.25] using APR version [1.7.0].
2023-02-28 10:52:18.228 [main] INFO  org.apache.catalina.core.AprLifecycleListener - APR capabilities: IPv6 [true], sendfile [true], accept filters [false], random [true].
2023-02-28 10:52:18.228 [main] INFO  org.apache.catalina.core.AprLifecycleListener - APR/OpenSSL configuration: useAprConnector [false], useOpenSSL [true]
2023-02-28 10:52:18.333 [main] INFO  org.apache.catalina.core.AprLifecycleListener - OpenSSL successfully initialized [OpenSSL 1.1.1g  21 Apr 2020]
2023-02-28 10:52:18.683 [main] INFO  o.a.c.core.ContainerBase.[Tomcat].[localhost].[/] - Initializing Spring embedded WebApplicationContext
2023-02-28 10:52:18.685 [main] INFO  o.s.b.w.s.c.ServletWebServerApplicationContext - Root WebApplicationContext: initialization completed in 4092 ms
2023-02-28 10:52:19.144 [main] INFO  o.s.scheduling.concurrent.ThreadPoolTaskExecutor - Initializing ExecutorService 'applicationTaskExecutor'
2023-02-28 10:52:21.465 [main] INFO  o.s.scheduling.concurrent.ThreadPoolTaskScheduler - Initializing ExecutorService 'taskScheduler'
2023-02-28 10:52:21.512 [main] INFO  org.apache.coyote.http11.Http11NioProtocol - Starting ProtocolHandler ["http-nio-22499"]
2023-02-28 10:52:21.591 [main] INFO  o.s.boot.web.embedded.tomcat.TomcatWebServer - Tomcat started on port(s): 22499 (http) with context path ''
2023-02-28 10:52:21.612 [main] INFO  com.kingstar.login.Application - Started Application in 8.673 seconds (JVM running for 11.138)
2023-02-28 10:52:21.616 [main] INFO  com.kingstar.login.Application - ==================模板已启动================
2023-02-28 10:52:30.189 [http-nio-22499-exec-1] INFO  o.a.c.core.ContainerBase.[Tomcat].[localhost].[/] - Initializing Spring DispatcherServlet 'dispatcherServlet'
2023-02-28 10:52:30.190 [http-nio-22499-exec-1] INFO  org.springframework.web.servlet.DispatcherServlet - Initializing Servlet 'dispatcherServlet'
2023-02-28 10:52:30.210 [http-nio-22499-exec-1] INFO  org.springframework.web.servlet.DispatcherServlet - Completed initialization in 19 ms
2023-02-28 10:52:41.480 [http-nio-22499-exec-2] INFO  com.kingstar.login.utils.LoginInterceptor - preHandle拦截到的请求的URI=/user/test
2023-02-28 10:52:41.496 [http-nio-22499-exec-2] INFO  com.kingstar.login.utils.LoginInterceptor - postHandle() 执行了...
2023-02-28 10:52:41.497 [http-nio-22499-exec-2] INFO  com.kingstar.login.utils.LoginInterceptor - afterCompletion() 执行了...
2023-02-28 10:52:57.001 [http-nio-22499-exec-3] INFO  com.kingstar.login.utils.LoginInterceptor - preHandle拦截到的请求的URI=/user/getMap
2023-02-28 10:52:57.006 [http-nio-22499-exec-3] INFO  com.kingstar.login.utils.LoginInterceptor - postHandle() 执行了...
2023-02-28 10:52:57.006 [http-nio-22499-exec-3] INFO  com.kingstar.login.utils.LoginInterceptor - afterCompletion() 执行了...
2023-02-28 10:53:48.645 [http-nio-22499-exec-4] INFO  com.kingstar.login.utils.LoginInterceptor - preHandle拦截到的请求的URI=/user/getMap
2023-02-28 10:53:48.646 [http-nio-22499-exec-4] INFO  com.kingstar.login.utils.LoginInterceptor - postHandle() 执行了...
2023-02-28 10:53:48.646 [http-nio-22499-exec-4] INFO  com.kingstar.login.utils.LoginInterceptor - afterCompletion() 执行了...
2023-02-28 10:54:08.654 [http-nio-22499-exec-5] INFO  com.kingstar.login.utils.LoginInterceptor - preHandle拦截到的请求的URI=/user/getMap
2023-02-28 10:54:08.656 [http-nio-22499-exec-5] INFO  com.kingstar.login.utils.LoginInterceptor - postHandle() 执行了...
2023-02-28 10:54:08.657 [http-nio-22499-exec-5] INFO  com.kingstar.login.utils.LoginInterceptor - afterCompletion() 执行了...
2023-02-28 10:54:19.253 [http-nio-22499-exec-6] INFO  com.kingstar.login.utils.LoginInterceptor - preHandle拦截到的请求的URI=/user/getMap
2023-02-28 10:54:19.254 [http-nio-22499-exec-6] INFO  com.kingstar.login.utils.LoginInterceptor - postHandle() 执行了...
2023-02-28 10:54:19.255 [http-nio-22499-exec-6] INFO  com.kingstar.login.utils.LoginInterceptor - afterCompletion() 执行了...
2023-02-28 10:56:35.145 [SpringContextShutdownHook] INFO  o.s.scheduling.concurrent.ThreadPoolTaskScheduler - Shutting down ExecutorService 'taskScheduler'
2023-02-28 10:56:35.148 [SpringContextShutdownHook] INFO  o.s.scheduling.concurrent.ThreadPoolTaskExecutor - Shutting down ExecutorService 'applicationTaskExecutor'
2023-02-28 10:56:48.119 [main] INFO  com.kingstar.login.Application - Starting Application on KS-SHA-LP190037 with PID 27484 (D:\project\loginVerification\target\classes started by junqi.pi in D:\project\loginVerification)
2023-02-28 10:56:48.126 [main] INFO  com.kingstar.login.Application - The following profiles are active: dev
2023-02-28 10:56:51.681 [main] INFO  o.s.boot.web.embedded.tomcat.TomcatWebServer - Tomcat initialized with port(s): 22499 (http)
2023-02-28 10:56:51.694 [main] INFO  org.apache.coyote.http11.Http11NioProtocol - Initializing ProtocolHandler ["http-nio-22499"]
2023-02-28 10:56:51.694 [main] INFO  org.apache.catalina.core.StandardService - Starting service [Tomcat]
2023-02-28 10:56:51.695 [main] INFO  org.apache.catalina.core.StandardEngine - Starting Servlet engine: [Apache Tomcat/9.0.39]
2023-02-28 10:56:51.697 [main] INFO  org.apache.catalina.core.AprLifecycleListener - Loaded Apache Tomcat Native library [1.2.25] using APR version [1.7.0].
2023-02-28 10:56:51.697 [main] INFO  org.apache.catalina.core.AprLifecycleListener - APR capabilities: IPv6 [true], sendfile [true], accept filters [false], random [true].
2023-02-28 10:56:51.697 [main] INFO  org.apache.catalina.core.AprLifecycleListener - APR/OpenSSL configuration: useAprConnector [false], useOpenSSL [true]
2023-02-28 10:56:51.708 [main] INFO  org.apache.catalina.core.AprLifecycleListener - OpenSSL successfully initialized [OpenSSL 1.1.1g  21 Apr 2020]
2023-02-28 10:56:51.953 [main] INFO  o.a.c.core.ContainerBase.[Tomcat].[localhost].[/] - Initializing Spring embedded WebApplicationContext
2023-02-28 10:56:51.954 [main] INFO  o.s.b.w.s.c.ServletWebServerApplicationContext - Root WebApplicationContext: initialization completed in 3648 ms
2023-02-28 10:56:52.262 [main] INFO  o.s.scheduling.concurrent.ThreadPoolTaskExecutor - Initializing ExecutorService 'applicationTaskExecutor'
2023-02-28 10:56:54.022 [main] INFO  o.s.scheduling.concurrent.ThreadPoolTaskScheduler - Initializing ExecutorService 'taskScheduler'
2023-02-28 10:56:54.056 [main] INFO  org.apache.coyote.http11.Http11NioProtocol - Starting ProtocolHandler ["http-nio-22499"]
2023-02-28 10:56:54.087 [main] INFO  o.s.boot.web.embedded.tomcat.TomcatWebServer - Tomcat started on port(s): 22499 (http) with context path ''
2023-02-28 10:56:54.113 [main] INFO  com.kingstar.login.Application - Started Application in 7.346 seconds (JVM running for 10.466)
2023-02-28 10:56:54.120 [main] INFO  com.kingstar.login.Application - ==================模板已启动================
2023-02-28 10:56:57.836 [http-nio-22499-exec-2] INFO  o.a.c.core.ContainerBase.[Tomcat].[localhost].[/] - Initializing Spring DispatcherServlet 'dispatcherServlet'
2023-02-28 10:56:57.836 [http-nio-22499-exec-2] INFO  org.springframework.web.servlet.DispatcherServlet - Initializing Servlet 'dispatcherServlet'
2023-02-28 10:56:57.845 [http-nio-22499-exec-2] INFO  org.springframework.web.servlet.DispatcherServlet - Completed initialization in 9 ms
2023-02-28 10:57:06.119 [http-nio-22499-exec-1] INFO  com.kingstar.login.utils.LoginInterceptor - preHandle拦截到的请求的URI=/user/test
2023-02-28 10:57:06.133 [http-nio-22499-exec-1] INFO  com.kingstar.login.utils.LoginInterceptor - postHandle() 执行了...
2023-02-28 10:57:06.136 [http-nio-22499-exec-1] INFO  com.kingstar.login.utils.LoginInterceptor - afterCompletion() 执行了...
2023-02-28 10:57:16.392 [http-nio-22499-exec-3] INFO  com.kingstar.login.utils.LoginInterceptor - preHandle拦截到的请求的URI=/user/getMap
2023-02-28 10:57:16.398 [http-nio-22499-exec-3] INFO  com.kingstar.login.utils.LoginInterceptor - postHandle() 执行了...
2023-02-28 10:57:16.400 [http-nio-22499-exec-3] INFO  com.kingstar.login.utils.LoginInterceptor - afterCompletion() 执行了...
2023-02-28 10:57:31.370 [http-nio-22499-exec-4] INFO  com.kingstar.login.utils.LoginInterceptor - preHandle拦截到的请求的URI=/user/getMap
2023-02-28 10:57:31.372 [http-nio-22499-exec-4] INFO  com.kingstar.login.utils.LoginInterceptor - postHandle() 执行了...
2023-02-28 10:57:31.372 [http-nio-22499-exec-4] INFO  com.kingstar.login.utils.LoginInterceptor - afterCompletion() 执行了...
2023-02-28 10:57:41.858 [http-nio-22499-exec-5] INFO  com.kingstar.login.utils.LoginInterceptor - preHandle拦截到的请求的URI=/user/getMap
2023-02-28 10:57:41.859 [http-nio-22499-exec-5] INFO  com.kingstar.login.utils.LoginInterceptor - postHandle() 执行了...
2023-02-28 10:57:41.860 [http-nio-22499-exec-5] INFO  com.kingstar.login.utils.LoginInterceptor - afterCompletion() 执行了...
2023-02-28 10:58:19.792 [http-nio-22499-exec-6] INFO  com.kingstar.login.utils.LoginInterceptor - preHandle拦截到的请求的URI=/user/getMap
2023-02-28 11:01:44.457 [SpringContextShutdownHook] INFO  o.s.scheduling.concurrent.ThreadPoolTaskScheduler - Shutting down ExecutorService 'taskScheduler'
2023-02-28 11:01:44.463 [SpringContextShutdownHook] INFO  o.s.scheduling.concurrent.ThreadPoolTaskExecutor - Shutting down ExecutorService 'applicationTaskExecutor'
2023-02-28 11:01:56.730 [main] INFO  com.kingstar.login.Application - Starting Application on KS-SHA-LP190037 with PID 21112 (D:\project\loginVerification\target\classes started by junqi.pi in D:\project\loginVerification)
2023-02-28 11:01:56.733 [main] INFO  com.kingstar.login.Application - The following profiles are active: dev
2023-02-28 11:01:58.296 [main] INFO  o.s.boot.web.embedded.tomcat.TomcatWebServer - Tomcat initialized with port(s): 22499 (http)
2023-02-28 11:01:58.305 [main] INFO  org.apache.coyote.http11.Http11NioProtocol - Initializing ProtocolHandler ["http-nio-22499"]
2023-02-28 11:01:58.306 [main] INFO  org.apache.catalina.core.StandardService - Starting service [Tomcat]
2023-02-28 11:01:58.306 [main] INFO  org.apache.catalina.core.StandardEngine - Starting Servlet engine: [Apache Tomcat/9.0.39]
2023-02-28 11:01:58.308 [main] INFO  org.apache.catalina.core.AprLifecycleListener - Loaded Apache Tomcat Native library [1.2.25] using APR version [1.7.0].
2023-02-28 11:01:58.308 [main] INFO  org.apache.catalina.core.AprLifecycleListener - APR capabilities: IPv6 [true], sendfile [true], accept filters [false], random [true].
2023-02-28 11:01:58.309 [main] INFO  org.apache.catalina.core.AprLifecycleListener - APR/OpenSSL configuration: useAprConnector [false], useOpenSSL [true]
2023-02-28 11:01:58.327 [main] INFO  org.apache.catalina.core.AprLifecycleListener - OpenSSL successfully initialized [OpenSSL 1.1.1g  21 Apr 2020]
2023-02-28 11:01:58.504 [main] INFO  o.a.c.core.ContainerBase.[Tomcat].[localhost].[/] - Initializing Spring embedded WebApplicationContext
2023-02-28 11:01:58.504 [main] INFO  o.s.b.w.s.c.ServletWebServerApplicationContext - Root WebApplicationContext: initialization completed in 1691 ms
2023-02-28 11:01:58.777 [main] INFO  o.s.scheduling.concurrent.ThreadPoolTaskExecutor - Initializing ExecutorService 'applicationTaskExecutor'
2023-02-28 11:02:00.455 [main] INFO  o.s.scheduling.concurrent.ThreadPoolTaskScheduler - Initializing ExecutorService 'taskScheduler'
2023-02-28 11:02:00.497 [main] INFO  org.apache.coyote.http11.Http11NioProtocol - Starting ProtocolHandler ["http-nio-22499"]
2023-02-28 11:02:00.557 [main] INFO  o.s.boot.web.embedded.tomcat.TomcatWebServer - Tomcat started on port(s): 22499 (http) with context path ''
2023-02-28 11:02:00.581 [main] INFO  com.kingstar.login.Application - Started Application in 4.867 seconds (JVM running for 7.053)
2023-02-28 11:02:00.587 [main] INFO  com.kingstar.login.Application - ==================模板已启动================
2023-02-28 11:02:08.420 [http-nio-22499-exec-1] INFO  o.a.c.core.ContainerBase.[Tomcat].[localhost].[/] - Initializing Spring DispatcherServlet 'dispatcherServlet'
2023-02-28 11:02:08.421 [http-nio-22499-exec-1] INFO  org.springframework.web.servlet.DispatcherServlet - Initializing Servlet 'dispatcherServlet'
2023-02-28 11:02:08.440 [http-nio-22499-exec-1] INFO  org.springframework.web.servlet.DispatcherServlet - Completed initialization in 19 ms
2023-02-28 11:02:18.954 [http-nio-22499-exec-2] INFO  com.kingstar.login.utils.LoginInterceptor - preHandle拦截到的请求的URI=/user/getMap
2023-02-28 11:02:18.958 [http-nio-22499-exec-2] INFO  com.kingstar.login.utils.LoginInterceptor - postHandle() 执行了...
2023-02-28 11:02:18.959 [http-nio-22499-exec-2] INFO  com.kingstar.login.utils.LoginInterceptor - afterCompletion() 执行了...
2023-02-28 11:03:18.746 [http-nio-22499-exec-3] INFO  com.kingstar.login.utils.LoginInterceptor - preHandle拦截到的请求的URI=/user/getMap
2023-02-28 11:03:32.128 [http-nio-22499-exec-5] INFO  com.kingstar.login.utils.LoginInterceptor - preHandle拦截到的请求的URI=/user/getMap
2023-02-28 11:03:41.082 [http-nio-22499-exec-6] INFO  com.kingstar.login.utils.LoginInterceptor - preHandle拦截到的请求的URI=/user/getMap
2023-02-28 11:03:41.085 [http-nio-22499-exec-6] INFO  com.kingstar.login.utils.LoginInterceptor - postHandle() 执行了...
2023-02-28 11:03:41.085 [http-nio-22499-exec-6] INFO  com.kingstar.login.utils.LoginInterceptor - afterCompletion() 执行了...
2023-02-28 11:05:38.991 [SpringContextShutdownHook] INFO  o.s.scheduling.concurrent.ThreadPoolTaskScheduler - Shutting down ExecutorService 'taskScheduler'
2023-02-28 11:05:38.999 [SpringContextShutdownHook] INFO  o.s.scheduling.concurrent.ThreadPoolTaskExecutor - Shutting down ExecutorService 'applicationTaskExecutor'
2023-02-28 11:05:52.840 [main] INFO  com.kingstar.login.Application - Starting Application on KS-SHA-LP190037 with PID 24232 (D:\project\loginVerification\target\classes started by junqi.pi in D:\project\loginVerification)
2023-02-28 11:05:52.849 [main] INFO  com.kingstar.login.Application - The following profiles are active: dev
2023-02-28 11:05:55.651 [main] INFO  o.s.boot.web.embedded.tomcat.TomcatWebServer - Tomcat initialized with port(s): 22499 (http)
2023-02-28 11:05:55.665 [main] INFO  org.apache.coyote.http11.Http11NioProtocol - Initializing ProtocolHandler ["http-nio-22499"]
2023-02-28 11:05:55.667 [main] INFO  org.apache.catalina.core.StandardService - Starting service [Tomcat]
2023-02-28 11:05:55.668 [main] INFO  org.apache.catalina.core.StandardEngine - Starting Servlet engine: [Apache Tomcat/9.0.39]
2023-02-28 11:05:55.670 [main] INFO  org.apache.catalina.core.AprLifecycleListener - Loaded Apache Tomcat Native library [1.2.25] using APR version [1.7.0].
2023-02-28 11:05:55.670 [main] INFO  org.apache.catalina.core.AprLifecycleListener - APR capabilities: IPv6 [true], sendfile [true], accept filters [false], random [true].
2023-02-28 11:05:55.670 [main] INFO  org.apache.catalina.core.AprLifecycleListener - APR/OpenSSL configuration: useAprConnector [false], useOpenSSL [true]
2023-02-28 11:05:55.731 [main] INFO  org.apache.catalina.core.AprLifecycleListener - OpenSSL successfully initialized [OpenSSL 1.1.1g  21 Apr 2020]
2023-02-28 11:05:55.938 [main] INFO  o.a.c.core.ContainerBase.[Tomcat].[localhost].[/] - Initializing Spring embedded WebApplicationContext
2023-02-28 11:05:55.939 [main] INFO  o.s.b.w.s.c.ServletWebServerApplicationContext - Root WebApplicationContext: initialization completed in 2925 ms
2023-02-28 11:05:56.351 [main] INFO  o.s.scheduling.concurrent.ThreadPoolTaskExecutor - Initializing ExecutorService 'applicationTaskExecutor'
2023-02-28 11:05:58.564 [main] INFO  o.s.scheduling.concurrent.ThreadPoolTaskScheduler - Initializing ExecutorService 'taskScheduler'
2023-02-28 11:05:58.615 [main] INFO  org.apache.coyote.http11.Http11NioProtocol - Starting ProtocolHandler ["http-nio-22499"]
2023-02-28 11:05:58.641 [main] INFO  o.s.boot.web.embedded.tomcat.TomcatWebServer - Tomcat started on port(s): 22499 (http) with context path ''
2023-02-28 11:05:58.662 [main] INFO  com.kingstar.login.Application - Started Application in 7.72 seconds (JVM running for 10.185)
2023-02-28 11:05:58.665 [main] INFO  com.kingstar.login.Application - ==================模板已启动================
2023-02-28 11:08:34.921 [SpringContextShutdownHook] INFO  o.s.scheduling.concurrent.ThreadPoolTaskScheduler - Shutting down ExecutorService 'taskScheduler'
2023-02-28 11:08:34.922 [SpringContextShutdownHook] INFO  o.s.scheduling.concurrent.ThreadPoolTaskExecutor - Shutting down ExecutorService 'applicationTaskExecutor'
2023-02-28 11:08:47.400 [main] INFO  com.kingstar.login.Application - Starting Application on KS-SHA-LP190037 with PID 1792 (D:\project\loginVerification\target\classes started by junqi.pi in D:\project\loginVerification)
2023-02-28 11:08:47.410 [main] INFO  com.kingstar.login.Application - The following profiles are active: dev
2023-02-28 11:08:49.405 [main] INFO  o.s.boot.web.embedded.tomcat.TomcatWebServer - Tomcat initialized with port(s): 22499 (http)
2023-02-28 11:08:49.426 [main] INFO  org.apache.coyote.http11.Http11NioProtocol - Initializing ProtocolHandler ["http-nio-22499"]
2023-02-28 11:08:49.429 [main] INFO  org.apache.catalina.core.StandardService - Starting service [Tomcat]
2023-02-28 11:08:49.430 [main] INFO  org.apache.catalina.core.StandardEngine - Starting Servlet engine: [Apache Tomcat/9.0.39]
2023-02-28 11:08:49.433 [main] INFO  org.apache.catalina.core.AprLifecycleListener - Loaded Apache Tomcat Native library [1.2.25] using APR version [1.7.0].
2023-02-28 11:08:49.433 [main] INFO  org.apache.catalina.core.AprLifecycleListener - APR capabilities: IPv6 [true], sendfile [true], accept filters [false], random [true].
2023-02-28 11:08:49.434 [main] INFO  org.apache.catalina.core.AprLifecycleListener - APR/OpenSSL configuration: useAprConnector [false], useOpenSSL [true]
2023-02-28 11:08:49.495 [main] INFO  org.apache.catalina.core.AprLifecycleListener - OpenSSL successfully initialized [OpenSSL 1.1.1g  21 Apr 2020]
2023-02-28 11:08:49.648 [main] INFO  o.a.c.core.ContainerBase.[Tomcat].[localhost].[/] - Initializing Spring embedded WebApplicationContext
2023-02-28 11:08:49.648 [main] INFO  o.s.b.w.s.c.ServletWebServerApplicationContext - Root WebApplicationContext: initialization completed in 2125 ms
2023-02-28 11:08:49.927 [main] INFO  o.s.scheduling.concurrent.ThreadPoolTaskExecutor - Initializing ExecutorService 'applicationTaskExecutor'
2023-02-28 11:08:51.652 [main] INFO  o.s.scheduling.concurrent.ThreadPoolTaskScheduler - Initializing ExecutorService 'taskScheduler'
2023-02-28 11:08:51.680 [main] INFO  org.apache.coyote.http11.Http11NioProtocol - Starting ProtocolHandler ["http-nio-22499"]
2023-02-28 11:08:51.714 [main] INFO  o.s.boot.web.embedded.tomcat.TomcatWebServer - Tomcat started on port(s): 22499 (http) with context path ''
2023-02-28 11:08:51.734 [main] INFO  com.kingstar.login.Application - Started Application in 5.704 seconds (JVM running for 8.142)
2023-02-28 11:08:51.736 [main] INFO  com.kingstar.login.Application - ==================模板已启动================
2023-02-28 11:11:04.326 [http-nio-22499-exec-2] INFO  o.a.c.core.ContainerBase.[Tomcat].[localhost].[/] - Initializing Spring DispatcherServlet 'dispatcherServlet'
2023-02-28 11:11:04.326 [http-nio-22499-exec-2] INFO  org.springframework.web.servlet.DispatcherServlet - Initializing Servlet 'dispatcherServlet'
2023-02-28 11:11:04.348 [http-nio-22499-exec-2] INFO  org.springframework.web.servlet.DispatcherServlet - Completed initialization in 22 ms
2023-02-28 11:12:36.334 [http-nio-22499-exec-3] INFO  com.kingstar.login.utils.LoginInterceptor - preHandle拦截到的请求的URI=/user/getMap
2023-02-28 11:12:36.338 [http-nio-22499-exec-3] INFO  com.kingstar.login.utils.LoginInterceptor - postHandle() 执行了...
2023-02-28 11:12:36.338 [http-nio-22499-exec-3] INFO  com.kingstar.login.utils.LoginInterceptor - afterCompletion() 执行了...
2023-02-28 11:13:03.055 [http-nio-22499-exec-4] INFO  com.kingstar.login.utils.LoginInterceptor - preHandle拦截到的请求的URI=/user/getMap
2023-02-28 11:13:03.056 [http-nio-22499-exec-4] INFO  com.kingstar.login.utils.LoginInterceptor - postHandle() 执行了...
2023-02-28 11:13:03.056 [http-nio-22499-exec-4] INFO  com.kingstar.login.utils.LoginInterceptor - afterCompletion() 执行了...
2023-02-28 11:17:58.321 [SpringContextShutdownHook] INFO  o.s.scheduling.concurrent.ThreadPoolTaskScheduler - Shutting down ExecutorService 'taskScheduler'
2023-02-28 11:17:58.326 [SpringContextShutdownHook] INFO  o.s.scheduling.concurrent.ThreadPoolTaskExecutor - Shutting down ExecutorService 'applicationTaskExecutor'
2023-02-28 11:18:10.199 [main] INFO  com.kingstar.login.Application - Starting Application on KS-SHA-LP190037 with PID 19400 (D:\project\loginVerification\target\classes started by junqi.pi in D:\project\loginVerification)
2023-02-28 11:18:10.202 [main] INFO  com.kingstar.login.Application - The following profiles are active: dev
2023-02-28 11:18:11.820 [main] INFO  o.s.boot.web.embedded.tomcat.TomcatWebServer - Tomcat initialized with port(s): 22499 (http)
2023-02-28 11:18:11.830 [main] INFO  org.apache.coyote.http11.Http11NioProtocol - Initializing ProtocolHandler ["http-nio-22499"]
2023-02-28 11:18:11.831 [main] INFO  org.apache.catalina.core.StandardService - Starting service [Tomcat]
2023-02-28 11:18:11.831 [main] INFO  org.apache.catalina.core.StandardEngine - Starting Servlet engine: [Apache Tomcat/9.0.39]
2023-02-28 11:18:11.833 [main] INFO  org.apache.catalina.core.AprLifecycleListener - Loaded Apache Tomcat Native library [1.2.25] using APR version [1.7.0].
2023-02-28 11:18:11.833 [main] INFO  org.apache.catalina.core.AprLifecycleListener - APR capabilities: IPv6 [true], sendfile [true], accept filters [false], random [true].
2023-02-28 11:18:11.833 [main] INFO  org.apache.catalina.core.AprLifecycleListener - APR/OpenSSL configuration: useAprConnector [false], useOpenSSL [true]
2023-02-28 11:18:11.840 [main] INFO  org.apache.catalina.core.AprLifecycleListener - OpenSSL successfully initialized [OpenSSL 1.1.1g  21 Apr 2020]
2023-02-28 11:18:12.001 [main] INFO  o.a.c.core.ContainerBase.[Tomcat].[localhost].[/] - Initializing Spring embedded WebApplicationContext
2023-02-28 11:18:12.001 [main] INFO  o.s.b.w.s.c.ServletWebServerApplicationContext - Root WebApplicationContext: initialization completed in 1719 ms
2023-02-28 11:18:12.277 [main] INFO  o.s.scheduling.concurrent.ThreadPoolTaskExecutor - Initializing ExecutorService 'applicationTaskExecutor'
2023-02-28 11:18:14.287 [main] INFO  o.s.scheduling.concurrent.ThreadPoolTaskScheduler - Initializing ExecutorService 'taskScheduler'
2023-02-28 11:18:14.331 [main] INFO  org.apache.coyote.http11.Http11NioProtocol - Starting ProtocolHandler ["http-nio-22499"]
2023-02-28 11:18:14.364 [main] INFO  o.s.boot.web.embedded.tomcat.TomcatWebServer - Tomcat started on port(s): 22499 (http) with context path ''
2023-02-28 11:18:14.401 [main] INFO  com.kingstar.login.Application - Started Application in 5.229 seconds (JVM running for 7.765)
2023-02-28 11:18:14.412 [main] INFO  com.kingstar.login.Application - ==================模板已启动================
2023-02-28 11:18:16.985 [http-nio-22499-exec-1] INFO  o.a.c.core.ContainerBase.[Tomcat].[localhost].[/] - Initializing Spring DispatcherServlet 'dispatcherServlet'
2023-02-28 11:18:16.986 [http-nio-22499-exec-1] INFO  org.springframework.web.servlet.DispatcherServlet - Initializing Servlet 'dispatcherServlet'
2023-02-28 11:18:17.014 [http-nio-22499-exec-1] INFO  org.springframework.web.servlet.DispatcherServlet - Completed initialization in 28 ms
2023-02-28 11:18:17.069 [http-nio-22499-exec-1] INFO  com.kingstar.login.utils.LoginInterceptor - preHandle拦截到的请求的URI=/user/getMap
2023-02-28 13:09:51.207 [SpringContextShutdownHook] INFO  o.s.scheduling.concurrent.ThreadPoolTaskScheduler - Shutting down ExecutorService 'taskScheduler'
2023-02-28 13:09:51.234 [SpringContextShutdownHook] INFO  o.s.scheduling.concurrent.ThreadPoolTaskExecutor - Shutting down ExecutorService 'applicationTaskExecutor'
2023-02-28 13:10:03.814 [main] INFO  com.kingstar.login.Application - Starting Application on KS-SHA-LP190037 with PID 20168 (D:\project\loginVerification\target\classes started by junqi.pi in D:\project\loginVerification)
2023-02-28 13:10:03.830 [main] INFO  com.kingstar.login.Application - The following profiles are active: dev
2023-02-28 13:10:06.747 [main] INFO  o.s.boot.web.embedded.tomcat.TomcatWebServer - Tomcat initialized with port(s): 22499 (http)
2023-02-28 13:10:06.759 [main] INFO  org.apache.coyote.http11.Http11NioProtocol - Initializing ProtocolHandler ["http-nio-22499"]
2023-02-28 13:10:06.760 [main] INFO  org.apache.catalina.core.StandardService - Starting service [Tomcat]
2023-02-28 13:10:06.760 [main] INFO  org.apache.catalina.core.StandardEngine - Starting Servlet engine: [Apache Tomcat/9.0.39]
2023-02-28 13:10:06.762 [main] INFO  org.apache.catalina.core.AprLifecycleListener - Loaded Apache Tomcat Native library [1.2.25] using APR version [1.7.0].
2023-02-28 13:10:06.763 [main] INFO  org.apache.catalina.core.AprLifecycleListener - APR capabilities: IPv6 [true], sendfile [true], accept filters [false], random [true].
2023-02-28 13:10:06.763 [main] INFO  org.apache.catalina.core.AprLifecycleListener - APR/OpenSSL configuration: useAprConnector [false], useOpenSSL [true]
2023-02-28 13:10:06.892 [main] INFO  org.apache.catalina.core.AprLifecycleListener - OpenSSL successfully initialized [OpenSSL 1.1.1g  21 Apr 2020]
2023-02-28 13:10:07.157 [main] INFO  o.a.c.core.ContainerBase.[Tomcat].[localhost].[/] - Initializing Spring embedded WebApplicationContext
2023-02-28 13:10:07.158 [main] INFO  o.s.b.w.s.c.ServletWebServerApplicationContext - Root WebApplicationContext: initialization completed in 3129 ms
2023-02-28 13:10:07.560 [main] INFO  o.s.scheduling.concurrent.ThreadPoolTaskExecutor - Initializing ExecutorService 'applicationTaskExecutor'
2023-02-28 13:10:09.304 [main] INFO  o.s.scheduling.concurrent.ThreadPoolTaskScheduler - Initializing ExecutorService 'taskScheduler'
2023-02-28 13:10:09.332 [main] INFO  org.apache.coyote.http11.Http11NioProtocol - Starting ProtocolHandler ["http-nio-22499"]
2023-02-28 13:10:09.359 [main] INFO  o.s.boot.web.embedded.tomcat.TomcatWebServer - Tomcat started on port(s): 22499 (http) with context path ''
2023-02-28 13:10:09.382 [main] INFO  com.kingstar.login.Application - Started Application in 6.915 seconds (JVM running for 9.546)
2023-02-28 13:10:09.384 [main] INFO  com.kingstar.login.Application - ==================模板已启动================
2023-02-28 13:10:26.754 [http-nio-22499-exec-1] INFO  o.a.c.core.ContainerBase.[Tomcat].[localhost].[/] - Initializing Spring DispatcherServlet 'dispatcherServlet'
2023-02-28 13:10:26.755 [http-nio-22499-exec-1] INFO  org.springframework.web.servlet.DispatcherServlet - Initializing Servlet 'dispatcherServlet'
2023-02-28 13:10:26.774 [http-nio-22499-exec-1] INFO  org.springframework.web.servlet.DispatcherServlet - Completed initialization in 19 ms
2023-02-28 13:12:23.056 [SpringContextShutdownHook] INFO  o.s.scheduling.concurrent.ThreadPoolTaskScheduler - Shutting down ExecutorService 'taskScheduler'
2023-02-28 13:12:23.057 [SpringContextShutdownHook] INFO  o.s.scheduling.concurrent.ThreadPoolTaskExecutor - Shutting down ExecutorService 'applicationTaskExecutor'
2023-02-28 13:12:33.731 [main] INFO  com.kingstar.login.Application - Starting Application on KS-SHA-LP190037 with PID 26288 (D:\project\loginVerification\target\classes started by junqi.pi in D:\project\loginVerification)
2023-02-28 13:12:33.735 [main] INFO  com.kingstar.login.Application - The following profiles are active: dev
2023-02-28 13:12:35.353 [main] INFO  o.s.boot.web.embedded.tomcat.TomcatWebServer - Tomcat initialized with port(s): 22499 (http)
2023-02-28 13:12:35.369 [main] INFO  org.apache.coyote.http11.Http11NioProtocol - Initializing ProtocolHandler ["http-nio-22499"]
2023-02-28 13:12:35.370 [main] INFO  org.apache.catalina.core.StandardService - Starting service [Tomcat]
2023-02-28 13:12:35.370 [main] INFO  org.apache.catalina.core.StandardEngine - Starting Servlet engine: [Apache Tomcat/9.0.39]
2023-02-28 13:12:35.373 [main] INFO  org.apache.catalina.core.AprLifecycleListener - Loaded Apache Tomcat Native library [1.2.25] using APR version [1.7.0].
2023-02-28 13:12:35.374 [main] INFO  org.apache.catalina.core.AprLifecycleListener - APR capabilities: IPv6 [true], sendfile [true], accept filters [false], random [true].
2023-02-28 13:12:35.376 [main] INFO  org.apache.catalina.core.AprLifecycleListener - APR/OpenSSL configuration: useAprConnector [false], useOpenSSL [true]
2023-02-28 13:12:35.386 [main] INFO  org.apache.catalina.core.AprLifecycleListener - OpenSSL successfully initialized [OpenSSL 1.1.1g  21 Apr 2020]
2023-02-28 13:12:35.548 [main] INFO  o.a.c.core.ContainerBase.[Tomcat].[localhost].[/] - Initializing Spring embedded WebApplicationContext
2023-02-28 13:12:35.549 [main] INFO  o.s.b.w.s.c.ServletWebServerApplicationContext - Root WebApplicationContext: initialization completed in 1758 ms
2023-02-28 13:12:35.676 [main] INFO  org.apache.catalina.core.StandardService - Stopping service [Tomcat]
2023-02-28 13:12:35.752 [main] INFO  o.s.b.a.l.ConditionEvaluationReportLoggingListener - 

Error starting ApplicationContext. To display the conditions report re-run your application with 'debug' enabled.
2023-02-28 13:13:11.778 [main] INFO  com.kingstar.login.Application - Starting Application on KS-SHA-LP190037 with PID 2880 (D:\project\loginVerification\target\classes started by junqi.pi in D:\project\loginVerification)
2023-02-28 13:13:11.782 [main] INFO  com.kingstar.login.Application - The following profiles are active: dev
2023-02-28 13:13:13.649 [main] INFO  o.s.boot.web.embedded.tomcat.TomcatWebServer - Tomcat initialized with port(s): 22499 (http)
2023-02-28 13:13:13.670 [main] INFO  org.apache.coyote.http11.Http11NioProtocol - Initializing ProtocolHandler ["http-nio-22499"]
2023-02-28 13:13:13.673 [main] INFO  org.apache.catalina.core.StandardService - Starting service [Tomcat]
2023-02-28 13:13:13.674 [main] INFO  org.apache.catalina.core.StandardEngine - Starting Servlet engine: [Apache Tomcat/9.0.39]
2023-02-28 13:13:13.677 [main] INFO  org.apache.catalina.core.AprLifecycleListener - Loaded Apache Tomcat Native library [1.2.25] using APR version [1.7.0].
2023-02-28 13:13:13.677 [main] INFO  org.apache.catalina.core.AprLifecycleListener - APR capabilities: IPv6 [true], sendfile [true], accept filters [false], random [true].
2023-02-28 13:13:13.678 [main] INFO  org.apache.catalina.core.AprLifecycleListener - APR/OpenSSL configuration: useAprConnector [false], useOpenSSL [true]
2023-02-28 13:13:13.740 [main] INFO  org.apache.catalina.core.AprLifecycleListener - OpenSSL successfully initialized [OpenSSL 1.1.1g  21 Apr 2020]
2023-02-28 13:13:13.944 [main] INFO  o.a.c.core.ContainerBase.[Tomcat].[localhost].[/] - Initializing Spring embedded WebApplicationContext
2023-02-28 13:13:13.944 [main] INFO  o.s.b.w.s.c.ServletWebServerApplicationContext - Root WebApplicationContext: initialization completed in 2054 ms
2023-02-28 13:13:14.258 [main] INFO  o.s.scheduling.concurrent.ThreadPoolTaskExecutor - Initializing ExecutorService 'applicationTaskExecutor'
2023-02-28 13:13:16.373 [main] INFO  o.s.scheduling.concurrent.ThreadPoolTaskScheduler - Initializing ExecutorService 'taskScheduler'
2023-02-28 13:13:16.441 [main] INFO  org.apache.coyote.http11.Http11NioProtocol - Starting ProtocolHandler ["http-nio-22499"]
2023-02-28 13:13:16.483 [main] INFO  o.s.boot.web.embedded.tomcat.TomcatWebServer - Tomcat started on port(s): 22499 (http) with context path ''
2023-02-28 13:13:16.524 [main] INFO  com.kingstar.login.Application - Started Application in 5.925 seconds (JVM running for 8.189)
2023-02-28 13:13:16.531 [main] INFO  com.kingstar.login.Application - ==================模板已启动================
2023-02-28 13:13:43.884 [http-nio-22499-exec-2] INFO  o.a.c.core.ContainerBase.[Tomcat].[localhost].[/] - Initializing Spring DispatcherServlet 'dispatcherServlet'
2023-02-28 13:13:43.884 [http-nio-22499-exec-2] INFO  org.springframework.web.servlet.DispatcherServlet - Initializing Servlet 'dispatcherServlet'
2023-02-28 13:13:43.890 [http-nio-22499-exec-2] INFO  org.springframework.web.servlet.DispatcherServlet - Completed initialization in 6 ms
2023-02-28 13:28:58.848 [SpringContextShutdownHook] INFO  o.s.scheduling.concurrent.ThreadPoolTaskScheduler - Shutting down ExecutorService 'taskScheduler'
2023-02-28 13:28:58.855 [SpringContextShutdownHook] INFO  o.s.scheduling.concurrent.ThreadPoolTaskExecutor - Shutting down ExecutorService 'applicationTaskExecutor'
2023-02-28 13:29:11.063 [main] INFO  com.kingstar.login.Application - Starting Application on KS-SHA-LP190037 with PID 20084 (D:\project\loginVerification\target\classes started by junqi.pi in D:\project\loginVerification)
2023-02-28 13:29:11.068 [main] INFO  com.kingstar.login.Application - The following profiles are active: dev
2023-02-28 13:29:12.709 [main] INFO  o.s.boot.web.embedded.tomcat.TomcatWebServer - Tomcat initialized with port(s): 22499 (http)
2023-02-28 13:29:12.718 [main] INFO  org.apache.coyote.http11.Http11NioProtocol - Initializing ProtocolHandler ["http-nio-22499"]
2023-02-28 13:29:12.719 [main] INFO  org.apache.catalina.core.StandardService - Starting service [Tomcat]
2023-02-28 13:29:12.719 [main] INFO  org.apache.catalina.core.StandardEngine - Starting Servlet engine: [Apache Tomcat/9.0.39]
2023-02-28 13:29:12.721 [main] INFO  org.apache.catalina.core.AprLifecycleListener - Loaded Apache Tomcat Native library [1.2.25] using APR version [1.7.0].
2023-02-28 13:29:12.721 [main] INFO  org.apache.catalina.core.AprLifecycleListener - APR capabilities: IPv6 [true], sendfile [true], accept filters [false], random [true].
2023-02-28 13:29:12.721 [main] INFO  org.apache.catalina.core.AprLifecycleListener - APR/OpenSSL configuration: useAprConnector [false], useOpenSSL [true]
2023-02-28 13:29:12.737 [main] INFO  org.apache.catalina.core.AprLifecycleListener - OpenSSL successfully initialized [OpenSSL 1.1.1g  21 Apr 2020]
2023-02-28 13:29:12.896 [main] INFO  o.a.c.core.ContainerBase.[Tomcat].[localhost].[/] - Initializing Spring embedded WebApplicationContext
2023-02-28 13:29:12.897 [main] INFO  o.s.b.w.s.c.ServletWebServerApplicationContext - Root WebApplicationContext: initialization completed in 1726 ms
2023-02-28 13:29:13.191 [main] INFO  o.s.scheduling.concurrent.ThreadPoolTaskExecutor - Initializing ExecutorService 'applicationTaskExecutor'
2023-02-28 13:29:15.353 [main] INFO  o.s.scheduling.concurrent.ThreadPoolTaskScheduler - Initializing ExecutorService 'taskScheduler'
2023-02-28 13:29:15.396 [main] INFO  org.apache.coyote.http11.Http11NioProtocol - Starting ProtocolHandler ["http-nio-22499"]
2023-02-28 13:29:15.472 [main] INFO  o.s.boot.web.embedded.tomcat.TomcatWebServer - Tomcat started on port(s): 22499 (http) with context path ''
2023-02-28 13:29:15.493 [main] INFO  com.kingstar.login.Application - Started Application in 5.499 seconds (JVM running for 7.789)
2023-02-28 13:29:15.497 [main] INFO  com.kingstar.login.Application - ==================模板已启动================
2023-02-28 13:29:34.755 [http-nio-22499-exec-1] INFO  o.a.c.core.ContainerBase.[Tomcat].[localhost].[/] - Initializing Spring DispatcherServlet 'dispatcherServlet'
2023-02-28 13:29:34.755 [http-nio-22499-exec-1] INFO  org.springframework.web.servlet.DispatcherServlet - Initializing Servlet 'dispatcherServlet'
2023-02-28 13:29:34.765 [http-nio-22499-exec-1] INFO  org.springframework.web.servlet.DispatcherServlet - Completed initialization in 10 ms
2023-02-28 13:31:42.132 [http-nio-22499-exec-6] INFO  com.kingstar.login.utils.LoginInterceptor - preHandle拦截到的请求的URI=/user/getMap
2023-02-28 13:31:42.136 [http-nio-22499-exec-6] INFO  com.kingstar.login.utils.LoginInterceptor - postHandle() 执行了...
2023-02-28 13:31:42.136 [http-nio-22499-exec-6] INFO  com.kingstar.login.utils.LoginInterceptor - afterCompletion() 执行了...
2023-02-28 13:33:16.154 [SpringContextShutdownHook] INFO  o.s.scheduling.concurrent.ThreadPoolTaskScheduler - Shutting down ExecutorService 'taskScheduler'
2023-02-28 13:33:16.157 [SpringContextShutdownHook] INFO  o.s.scheduling.concurrent.ThreadPoolTaskExecutor - Shutting down ExecutorService 'applicationTaskExecutor'
2023-02-28 13:33:30.673 [main] INFO  com.kingstar.login.Application - Starting Application on KS-SHA-LP190037 with PID 25276 (D:\project\loginVerification\target\classes started by junqi.pi in D:\project\loginVerification)
2023-02-28 13:33:30.676 [main] INFO  com.kingstar.login.Application - The following profiles are active: dev
2023-02-28 13:33:32.446 [main] INFO  o.s.boot.web.embedded.tomcat.TomcatWebServer - Tomcat initialized with port(s): 22499 (http)
2023-02-28 13:33:32.460 [main] INFO  org.apache.coyote.http11.Http11NioProtocol - Initializing ProtocolHandler ["http-nio-22499"]
2023-02-28 13:33:32.462 [main] INFO  org.apache.catalina.core.StandardService - Starting service [Tomcat]
2023-02-28 13:33:32.464 [main] INFO  org.apache.catalina.core.StandardEngine - Starting Servlet engine: [Apache Tomcat/9.0.39]
2023-02-28 13:33:32.469 [main] INFO  org.apache.catalina.core.AprLifecycleListener - Loaded Apache Tomcat Native library [1.2.25] using APR version [1.7.0].
2023-02-28 13:33:32.470 [main] INFO  org.apache.catalina.core.AprLifecycleListener - APR capabilities: IPv6 [true], sendfile [true], accept filters [false], random [true].
2023-02-28 13:33:32.471 [main] INFO  org.apache.catalina.core.AprLifecycleListener - APR/OpenSSL configuration: useAprConnector [false], useOpenSSL [true]
2023-02-28 13:33:32.483 [main] INFO  org.apache.catalina.core.AprLifecycleListener - OpenSSL successfully initialized [OpenSSL 1.1.1g  21 Apr 2020]
2023-02-28 13:33:32.661 [main] INFO  o.a.c.core.ContainerBase.[Tomcat].[localhost].[/] - Initializing Spring embedded WebApplicationContext
2023-02-28 13:33:32.661 [main] INFO  o.s.b.w.s.c.ServletWebServerApplicationContext - Root WebApplicationContext: initialization completed in 1892 ms
2023-02-28 13:33:32.949 [main] INFO  o.s.scheduling.concurrent.ThreadPoolTaskExecutor - Initializing ExecutorService 'applicationTaskExecutor'
2023-02-28 13:33:34.814 [main] INFO  o.s.scheduling.concurrent.ThreadPoolTaskScheduler - Initializing ExecutorService 'taskScheduler'
2023-02-28 13:33:34.853 [main] INFO  org.apache.coyote.http11.Http11NioProtocol - Starting ProtocolHandler ["http-nio-22499"]
2023-02-28 13:33:34.881 [main] INFO  o.s.boot.web.embedded.tomcat.TomcatWebServer - Tomcat started on port(s): 22499 (http) with context path ''
2023-02-28 13:33:34.900 [main] INFO  com.kingstar.login.Application - Started Application in 5.401 seconds (JVM running for 7.84)
2023-02-28 13:33:34.903 [main] INFO  com.kingstar.login.Application - ==================模板已启动================
2023-02-28 13:34:12.023 [SpringContextShutdownHook] INFO  o.s.scheduling.concurrent.ThreadPoolTaskScheduler - Shutting down ExecutorService 'taskScheduler'
2023-02-28 13:34:12.025 [SpringContextShutdownHook] INFO  o.s.scheduling.concurrent.ThreadPoolTaskExecutor - Shutting down ExecutorService 'applicationTaskExecutor'
2023-02-28 13:34:24.747 [main] INFO  com.kingstar.login.Application - Starting Application on KS-SHA-LP190037 with PID 16060 (D:\project\loginVerification\target\classes started by junqi.pi in D:\project\loginVerification)
2023-02-28 13:34:24.756 [main] INFO  com.kingstar.login.Application - The following profiles are active: dev
2023-02-28 13:34:27.093 [main] INFO  o.s.boot.web.embedded.tomcat.TomcatWebServer - Tomcat initialized with port(s): 22499 (http)
2023-02-28 13:34:27.150 [main] INFO  org.apache.coyote.http11.Http11NioProtocol - Initializing ProtocolHandler ["http-nio-22499"]
2023-02-28 13:34:27.153 [main] INFO  org.apache.catalina.core.StandardService - Starting service [Tomcat]
2023-02-28 13:34:27.154 [main] INFO  org.apache.catalina.core.StandardEngine - Starting Servlet engine: [Apache Tomcat/9.0.39]
2023-02-28 13:34:27.160 [main] INFO  org.apache.catalina.core.AprLifecycleListener - Loaded Apache Tomcat Native library [1.2.25] using APR version [1.7.0].
2023-02-28 13:34:27.160 [main] INFO  org.apache.catalina.core.AprLifecycleListener - APR capabilities: IPv6 [true], sendfile [true], accept filters [false], random [true].
2023-02-28 13:34:27.161 [main] INFO  org.apache.catalina.core.AprLifecycleListener - APR/OpenSSL configuration: useAprConnector [false], useOpenSSL [true]
2023-02-28 13:34:27.246 [main] INFO  org.apache.catalina.core.AprLifecycleListener - OpenSSL successfully initialized [OpenSSL 1.1.1g  21 Apr 2020]
2023-02-28 13:34:27.519 [main] INFO  o.a.c.core.ContainerBase.[Tomcat].[localhost].[/] - Initializing Spring embedded WebApplicationContext
2023-02-28 13:34:27.520 [main] INFO  o.s.b.w.s.c.ServletWebServerApplicationContext - Root WebApplicationContext: initialization completed in 2646 ms
2023-02-28 13:34:27.974 [main] INFO  o.s.scheduling.concurrent.ThreadPoolTaskExecutor - Initializing ExecutorService 'applicationTaskExecutor'
2023-02-28 13:34:31.237 [main] INFO  o.s.scheduling.concurrent.ThreadPoolTaskScheduler - Initializing ExecutorService 'taskScheduler'
2023-02-28 13:34:31.291 [main] INFO  org.apache.coyote.http11.Http11NioProtocol - Starting ProtocolHandler ["http-nio-22499"]
2023-02-28 13:34:31.330 [main] INFO  o.s.boot.web.embedded.tomcat.TomcatWebServer - Tomcat started on port(s): 22499 (http) with context path ''
2023-02-28 13:34:31.379 [main] INFO  com.kingstar.login.Application - Started Application in 7.903 seconds (JVM running for 10.927)
2023-02-28 13:34:31.391 [main] INFO  com.kingstar.login.Application - ==================模板已启动================
2023-02-28 13:35:00.317 [http-nio-22499-exec-1] INFO  o.a.c.core.ContainerBase.[Tomcat].[localhost].[/] - Initializing Spring DispatcherServlet 'dispatcherServlet'
2023-02-28 13:35:00.317 [http-nio-22499-exec-1] INFO  org.springframework.web.servlet.DispatcherServlet - Initializing Servlet 'dispatcherServlet'
2023-02-28 13:35:00.329 [http-nio-22499-exec-1] INFO  org.springframework.web.servlet.DispatcherServlet - Completed initialization in 12 ms
2023-02-28 13:35:00.359 [http-nio-22499-exec-1] INFO  com.kingstar.login.utils.LoginInterceptor - preHandle拦截到的请求的URI=/user/getMap
2023-02-28 13:35:16.726 [http-nio-22499-exec-3] INFO  com.kingstar.login.utils.LoginInterceptor - preHandle拦截到的请求的URI=/user/getMap
2023-02-28 13:35:16.728 [http-nio-22499-exec-3] INFO  com.kingstar.login.utils.LoginInterceptor - postHandle() 执行了...
2023-02-28 13:35:16.728 [http-nio-22499-exec-3] INFO  com.kingstar.login.utils.LoginInterceptor - afterCompletion() 执行了...
2023-02-28 13:46:09.566 [SpringContextShutdownHook] INFO  o.s.scheduling.concurrent.ThreadPoolTaskScheduler - Shutting down ExecutorService 'taskScheduler'
2023-02-28 13:46:09.570 [SpringContextShutdownHook] INFO  o.s.scheduling.concurrent.ThreadPoolTaskExecutor - Shutting down ExecutorService 'applicationTaskExecutor'
